<?xml version="1.0" encoding="UTF-8"?>
<coverage generated="1769853618712" clover="3.2.0">
  <project timestamp="1769853618712" name="All files">
    <metrics statements="72" coveredstatements="65" conditionals="41" coveredconditionals="32" methods="29" coveredmethods="29" elements="142" coveredelements="126" complexity="0" loc="72" ncloc="72" packages="5" files="5" classes="5"/>
    <package name="features.cart.model">
      <metrics statements="16" coveredstatements="16" conditionals="8" coveredconditionals="6" methods="17" coveredmethods="17"/>
      <file name="cart-store.ts" path="/Users/macbookprom1/mekong-cli/com-anh-duong-10x/react-app/src/features/cart/model/cart-store.ts">
        <metrics statements="16" coveredstatements="16" conditionals="8" coveredconditionals="6" methods="17" coveredmethods="17"/>
        <line num="22" count="1" type="stmt"/>
        <line num="24" count="1" type="stmt"/>
        <line num="27" count="10" type="stmt"/>
        <line num="28" count="10" type="stmt"/>
        <line num="29" count="10" type="cond" truecount="2" falsecount="0"/>
        <line num="30" count="1" type="stmt"/>
        <line num="32" count="1" type="cond" truecount="1" falsecount="1"/>
        <line num="36" count="9" type="stmt"/>
        <line num="42" count="1" type="stmt"/>
        <line num="43" count="1" type="stmt"/>
        <line num="47" count="2" type="stmt"/>
        <line num="49" count="2" type="cond" truecount="1" falsecount="1"/>
        <line num="50" count="2" type="stmt"/>
        <line num="54" count="9" type="stmt"/>
        <line num="57" count="6" type="stmt"/>
        <line num="60" count="6" type="stmt"/>
      </file>
    </package>
    <package name="features.menu.api">
      <metrics statements="28" coveredstatements="21" conditionals="8" coveredconditionals="5" methods="4" coveredmethods="4"/>
      <file name="use-menu.ts" path="/Users/macbookprom1/mekong-cli/com-anh-duong-10x/react-app/src/features/menu/api/use-menu.ts">
        <metrics statements="28" coveredstatements="21" conditionals="8" coveredconditionals="5" methods="4" coveredmethods="4"/>
        <line num="9" count="1" type="stmt"/>
        <line num="75" count="1" type="stmt"/>
        <line num="96" count="1" type="stmt"/>
        <line num="97" count="6" type="stmt"/>
        <line num="101" count="3" type="cond" truecount="1" falsecount="1"/>
        <line num="102" count="0" type="stmt"/>
        <line num="103" count="0" type="stmt"/>
        <line num="106" count="3" type="stmt"/>
        <line num="107" count="3" type="stmt"/>
        <line num="123" count="2" type="cond" truecount="2" falsecount="0"/>
        <line num="124" count="1" type="stmt"/>
        <line num="125" count="1" type="stmt"/>
        <line num="128" count="1" type="stmt"/>
        <line num="131" count="1" type="stmt"/>
        <line num="132" count="1" type="stmt"/>
        <line num="138" count="1" type="stmt"/>
        <line num="139" count="2" type="stmt"/>
        <line num="143" count="1" type="cond" truecount="1" falsecount="1"/>
        <line num="144" count="0" type="stmt"/>
        <line num="145" count="0" type="stmt"/>
        <line num="148" count="1" type="stmt"/>
        <line num="149" count="1" type="stmt"/>
        <line num="156" count="1" type="cond" truecount="1" falsecount="1"/>
        <line num="157" count="1" type="stmt"/>
        <line num="158" count="1" type="stmt"/>
        <line num="161" count="0" type="stmt"/>
        <line num="164" count="0" type="stmt"/>
        <line num="165" count="0" type="stmt"/>
      </file>
    </package>
    <package name="features.menu.components">
      <metrics statements="9" coveredstatements="9" conditionals="13" coveredconditionals="9" methods="4" coveredmethods="4"/>
      <file name="menu-showcase.tsx" path="/Users/macbookprom1/mekong-cli/com-anh-duong-10x/react-app/src/features/menu/components/menu-showcase.tsx">
        <metrics statements="9" coveredstatements="9" conditionals="13" coveredconditionals="9" methods="4" coveredmethods="4"/>
        <line num="22" count="1" type="stmt"/>
        <line num="23" count="12" type="stmt"/>
        <line num="63" count="1" type="stmt"/>
        <line num="64" count="2" type="stmt"/>
        <line num="111" count="1" type="stmt"/>
        <line num="112" count="3" type="cond" truecount="1" falsecount="0"/>
        <line num="114" count="3" type="stmt"/>
        <line num="116" count="3" type="stmt"/>
        <line num="188" count="2" type="stmt"/>
      </file>
    </package>
    <package name="shared.lib">
      <metrics statements="18" coveredstatements="18" conditionals="12" coveredconditionals="12" methods="4" coveredmethods="4"/>
      <file name="formatters.ts" path="/Users/macbookprom1/mekong-cli/com-anh-duong-10x/react-app/src/shared/lib/formatters.ts">
        <metrics statements="18" coveredstatements="18" conditionals="12" coveredconditionals="12" methods="4" coveredmethods="4"/>
        <line num="5" count="1" type="stmt"/>
        <line num="7" count="1" type="stmt"/>
        <line num="8" count="2" type="stmt"/>
        <line num="14" count="1" type="cond" truecount="1" falsecount="0"/>
        <line num="15" count="2" type="cond" truecount="2" falsecount="0"/>
        <line num="16" count="1" type="stmt"/>
        <line num="19" count="1" type="cond" truecount="1" falsecount="0"/>
        <line num="20" count="2" type="cond" truecount="2" falsecount="0"/>
        <line num="21" count="1" type="stmt"/>
        <line num="24" count="1" type="stmt"/>
        <line num="25" count="4" type="cond" truecount="2" falsecount="0"/>
        <line num="26" count="3" type="stmt"/>
        <line num="27" count="3" type="stmt"/>
        <line num="29" count="3" type="cond" truecount="2" falsecount="0"/>
        <line num="30" count="1" type="stmt"/>
        <line num="31" count="2" type="cond" truecount="2" falsecount="0"/>
        <line num="32" count="1" type="stmt"/>
        <line num="34" count="1" type="stmt"/>
      </file>
    </package>
    <package name="shared.theme">
      <metrics statements="1" coveredstatements="1" conditionals="0" coveredconditionals="0" methods="0" coveredmethods="0"/>
      <file name="theme.ts" path="/Users/macbookprom1/mekong-cli/com-anh-duong-10x/react-app/src/shared/theme/theme.ts">
        <metrics statements="1" coveredstatements="1" conditionals="0" coveredconditionals="0" methods="0" coveredmethods="0"/>
        <line num="3" count="1" type="stmt"/>
      </file>
    </package>
  </project>
</coverage>
