<?xml version="1.0" encoding="UTF-8"?>
<coverage generated="1769849860800" clover="3.2.0">
  <project timestamp="1769849860800" name="All files">
    <metrics statements="43" coveredstatements="43" conditionals="33" coveredconditionals="27" methods="25" coveredmethods="25" elements="101" coveredelements="95" complexity="0" loc="43" ncloc="43" packages="3" files="3" classes="3"/>
    <package name="features.cart.model">
      <metrics statements="16" coveredstatements="16" conditionals="8" coveredconditionals="6" methods="17" coveredmethods="17"/>
      <file name="cart-store.ts" path="/Users/macbookprom1/mekong-cli/com-anh-duong-10x/react-app/src/features/cart/model/cart-store.ts">
        <metrics statements="16" coveredstatements="16" conditionals="8" coveredconditionals="6" methods="17" coveredmethods="17"/>
        <line num="22" count="1" type="stmt"/>
        <line num="24" count="1" type="stmt"/>
        <line num="27" count="10" type="stmt"/>
        <line num="28" count="10" type="stmt"/>
        <line num="29" count="10" type="cond" truecount="2" falsecount="0"/>
        <line num="30" count="1" type="stmt"/>
        <line num="32" count="1" type="cond" truecount="1" falsecount="1"/>
        <line num="36" count="9" type="stmt"/>
        <line num="42" count="1" type="stmt"/>
        <line num="43" count="1" type="stmt"/>
        <line num="47" count="2" type="stmt"/>
        <line num="49" count="2" type="cond" truecount="1" falsecount="1"/>
        <line num="50" count="2" type="stmt"/>
        <line num="54" count="9" type="stmt"/>
        <line num="57" count="6" type="stmt"/>
        <line num="60" count="6" type="stmt"/>
      </file>
    </package>
    <package name="features.menu.components">
      <metrics statements="9" coveredstatements="9" conditionals="13" coveredconditionals="9" methods="4" coveredmethods="4"/>
      <file name="menu-showcase.tsx" path="/Users/macbookprom1/mekong-cli/com-anh-duong-10x/react-app/src/features/menu/components/menu-showcase.tsx">
        <metrics statements="9" coveredstatements="9" conditionals="13" coveredconditionals="9" methods="4" coveredmethods="4"/>
        <line num="10" count="1" type="stmt"/>
        <line num="11" count="12" type="stmt"/>
        <line num="46" count="1" type="stmt"/>
        <line num="47" count="2" type="stmt"/>
        <line num="85" count="1" type="stmt"/>
        <line num="86" count="3" type="cond" truecount="1" falsecount="0"/>
        <line num="88" count="3" type="stmt"/>
        <line num="90" count="3" type="stmt"/>
        <line num="152" count="2" type="stmt"/>
      </file>
    </package>
    <package name="shared.lib">
      <metrics statements="18" coveredstatements="18" conditionals="12" coveredconditionals="12" methods="4" coveredmethods="4"/>
      <file name="formatters.ts" path="/Users/macbookprom1/mekong-cli/com-anh-duong-10x/react-app/src/shared/lib/formatters.ts">
        <metrics statements="18" coveredstatements="18" conditionals="12" coveredconditionals="12" methods="4" coveredmethods="4"/>
        <line num="5" count="1" type="stmt"/>
        <line num="7" count="1" type="stmt"/>
        <line num="8" count="2" type="stmt"/>
        <line num="14" count="1" type="cond" truecount="1" falsecount="0"/>
        <line num="15" count="2" type="cond" truecount="2" falsecount="0"/>
        <line num="16" count="1" type="stmt"/>
        <line num="19" count="1" type="cond" truecount="1" falsecount="0"/>
        <line num="20" count="2" type="cond" truecount="2" falsecount="0"/>
        <line num="21" count="1" type="stmt"/>
        <line num="24" count="1" type="stmt"/>
        <line num="25" count="4" type="cond" truecount="2" falsecount="0"/>
        <line num="26" count="3" type="stmt"/>
        <line num="27" count="3" type="stmt"/>
        <line num="29" count="3" type="cond" truecount="2" falsecount="0"/>
        <line num="30" count="1" type="stmt"/>
        <line num="31" count="2" type="cond" truecount="2" falsecount="0"/>
        <line num="32" count="1" type="stmt"/>
        <line num="34" count="1" type="stmt"/>
      </file>
    </package>
  </project>
</coverage>
