{"/Users/macbookprom1/mekong-cli/com-anh-duong-10x/react-app/src/features/cart/model/cart-store.ts": {"path":"/Users/macbookprom1/mekong-cli/com-anh-duong-10x/react-app/src/features/cart/model/cart-store.ts","statementMap":{"0":{"start":{"line":22,"column":13},"end":{"line":67,"column":null}},"1":{"start":{"line":24,"column":19},"end":{"line":62,"column":null}},"2":{"start":{"line":27,"column":8},"end":{"line":39,"column":null}},"3":{"start":{"line":28,"column":31},"end":{"line":28,"column":null}},"4":{"start":{"line":28,"column":58},"end":{"line":28,"column":80}},"5":{"start":{"line":29,"column":10},"end":{"line":35,"column":null}},"6":{"start":{"line":30,"column":12},"end":{"line":34,"column":null}},"7":{"start":{"line":32,"column":16},"end":{"line":32,"column":null}},"8":{"start":{"line":36,"column":10},"end":{"line":38,"column":null}},"9":{"start":{"line":42,"column":8},"end":{"line":44,"column":null}},"10":{"start":{"line":42,"column":24},"end":{"line":44,"column":10}},"11":{"start":{"line":43,"column":46},"end":{"line":43,"column":67}},"12":{"start":{"line":47,"column":8},"end":{"line":51,"column":null}},"13":{"start":{"line":47,"column":24},"end":{"line":51,"column":10}},"14":{"start":{"line":49,"column":28},"end":{"line":49,"column":81}},"15":{"start":{"line":50,"column":30},"end":{"line":50,"column":47}},"16":{"start":{"line":54,"column":8},"end":{"line":54,"column":null}},"17":{"start":{"line":57,"column":8},"end":{"line":57,"column":null}},"18":{"start":{"line":57,"column":51},"end":{"line":57,"column":87}},"19":{"start":{"line":60,"column":8},"end":{"line":60,"column":null}},"20":{"start":{"line":60,"column":51},"end":{"line":60,"column":74}}},"fnMap":{"0":{"name":"(anonymous_0)","decl":{"start":{"line":24,"column":4},"end":{"line":24,"column":5}},"loc":{"start":{"line":24,"column":19},"end":{"line":62,"column":null}},"line":24},"1":{"name":"(anonymous_1)","decl":{"start":{"line":26,"column":15},"end":{"line":26,"column":16}},"loc":{"start":{"line":26,"column":53},"end":{"line":40,"column":null}},"line":26},"2":{"name":"(anonymous_2)","decl":{"start":{"line":27,"column":12},"end":{"line":27,"column":13}},"loc":{"start":{"line":27,"column":23},"end":{"line":39,"column":9}},"line":27},"3":{"name":"(anonymous_3)","decl":{"start":{"line":28,"column":48},"end":{"line":28,"column":49}},"loc":{"start":{"line":28,"column":58},"end":{"line":28,"column":80}},"line":28},"4":{"name":"(anonymous_4)","decl":{"start":{"line":31,"column":37},"end":{"line":31,"column":38}},"loc":{"start":{"line":32,"column":16},"end":{"line":32,"column":null}},"line":32},"5":{"name":"(anonymous_5)","decl":{"start":{"line":41,"column":18},"end":{"line":41,"column":19}},"loc":{"start":{"line":41,"column":33},"end":{"line":45,"column":null}},"line":41},"6":{"name":"(anonymous_6)","decl":{"start":{"line":42,"column":12},"end":{"line":42,"column":13}},"loc":{"start":{"line":42,"column":24},"end":{"line":44,"column":10}},"line":42},"7":{"name":"(anonymous_7)","decl":{"start":{"line":43,"column":36},"end":{"line":43,"column":37}},"loc":{"start":{"line":43,"column":46},"end":{"line":43,"column":67}},"line":43},"8":{"name":"(anonymous_8)","decl":{"start":{"line":46,"column":22},"end":{"line":46,"column":23}},"loc":{"start":{"line":46,"column":47},"end":{"line":52,"column":null}},"line":46},"9":{"name":"(anonymous_9)","decl":{"start":{"line":47,"column":12},"end":{"line":47,"column":13}},"loc":{"start":{"line":47,"column":24},"end":{"line":51,"column":10}},"line":47},"10":{"name":"(anonymous_10)","decl":{"start":{"line":49,"column":17},"end":{"line":49,"column":18}},"loc":{"start":{"line":49,"column":28},"end":{"line":49,"column":81}},"line":49},"11":{"name":"(anonymous_11)","decl":{"start":{"line":50,"column":20},"end":{"line":50,"column":21}},"loc":{"start":{"line":50,"column":30},"end":{"line":50,"column":47}},"line":50},"12":{"name":"(anonymous_12)","decl":{"start":{"line":53,"column":17},"end":{"line":53,"column":23}},"loc":{"start":{"line":53,"column":23},"end":{"line":55,"column":null}},"line":53},"13":{"name":"(anonymous_13)","decl":{"start":{"line":56,"column":19},"end":{"line":56,"column":25}},"loc":{"start":{"line":56,"column":25},"end":{"line":58,"column":null}},"line":56},"14":{"name":"(anonymous_14)","decl":{"start":{"line":57,"column":34},"end":{"line":57,"column":35}},"loc":{"start":{"line":57,"column":51},"end":{"line":57,"column":87}},"line":57},"15":{"name":"(anonymous_15)","decl":{"start":{"line":59,"column":18},"end":{"line":59,"column":24}},"loc":{"start":{"line":59,"column":24},"end":{"line":61,"column":null}},"line":59},"16":{"name":"(anonymous_16)","decl":{"start":{"line":60,"column":34},"end":{"line":60,"column":35}},"loc":{"start":{"line":60,"column":51},"end":{"line":60,"column":74}},"line":60}},"branchMap":{"0":{"loc":{"start":{"line":26,"column":25},"end":{"line":26,"column":39}},"type":"default-arg","locations":[{"start":{"line":26,"column":36},"end":{"line":26,"column":39}}],"line":26},"1":{"loc":{"start":{"line":26,"column":39},"end":{"line":26,"column":53}},"type":"default-arg","locations":[{"start":{"line":26,"column":46},"end":{"line":26,"column":53}}],"line":26},"2":{"loc":{"start":{"line":29,"column":10},"end":{"line":35,"column":null}},"type":"if","locations":[{"start":{"line":29,"column":10},"end":{"line":35,"column":null}},{"start":{},"end":{}}],"line":29},"3":{"loc":{"start":{"line":32,"column":16},"end":{"line":32,"column":null}},"type":"cond-expr","locations":[{"start":{"line":32,"column":41},"end":{"line":32,"column":91}},{"start":{"line":32,"column":91},"end":{"line":32,"column":null}}],"line":32},"4":{"loc":{"start":{"line":49,"column":28},"end":{"line":49,"column":81}},"type":"cond-expr","locations":[{"start":{"line":49,"column":52},"end":{"line":49,"column":76}},{"start":{"line":49,"column":76},"end":{"line":49,"column":81}}],"line":49}},"s":{"0":1,"1":1,"2":10,"3":10,"4":3,"5":10,"6":1,"7":1,"8":9,"9":1,"10":1,"11":1,"12":2,"13":2,"14":2,"15":2,"16":9,"17":6,"18":5,"19":6,"20":4},"f":{"0":1,"1":10,"2":10,"3":3,"4":1,"5":1,"6":1,"7":1,"8":2,"9":2,"10":2,"11":2,"12":9,"13":6,"14":5,"15":6,"16":4},"b":{"0":[10],"1":[10],"2":[1,9],"3":[1,0],"4":[2,0]},"meta":{"lastBranch":5,"lastFunction":17,"lastStatement":21,"seen":{"s:22:13:67:Infinity":0,"f:24:4:24:5":0,"s:24:19:62:Infinity":1,"f:26:15:26:16":1,"b:26:36:26:39":0,"b:26:46:26:53":1,"s:27:8:39:Infinity":2,"f:27:12:27:13":2,"s:28:31:28:Infinity":3,"f:28:48:28:49":3,"s:28:58:28:80":4,"b:29:10:35:Infinity:undefined:undefined:undefined:undefined":2,"s:29:10:35:Infinity":5,"s:30:12:34:Infinity":6,"f:31:37:31:38":4,"s:32:16:32:Infinity":7,"b:32:41:32:91:32:91:32:Infinity":3,"s:36:10:38:Infinity":8,"f:41:18:41:19":5,"s:42:8:44:Infinity":9,"f:42:12:42:13":6,"s:42:24:44:10":10,"f:43:36:43:37":7,"s:43:46:43:67":11,"f:46:22:46:23":8,"s:47:8:51:Infinity":12,"f:47:12:47:13":9,"s:47:24:51:10":13,"f:49:17:49:18":10,"s:49:28:49:81":14,"b:49:52:49:76:49:76:49:81":4,"f:50:20:50:21":11,"s:50:30:50:47":15,"f:53:17:53:23":12,"s:54:8:54:Infinity":16,"f:56:19:56:25":13,"s:57:8:57:Infinity":17,"f:57:34:57:35":14,"s:57:51:57:87":18,"f:59:18:59:24":15,"s:60:8:60:Infinity":19,"f:60:34:60:35":16,"s:60:51:60:74":20}}}
,"/Users/macbookprom1/mekong-cli/com-anh-duong-10x/react-app/src/features/menu/components/menu-showcase.tsx": {"path":"/Users/macbookprom1/mekong-cli/com-anh-duong-10x/react-app/src/features/menu/components/menu-showcase.tsx","statementMap":{"0":{"start":{"line":10,"column":21},"end":{"line":35,"column":null}},"1":{"start":{"line":11,"column":2},"end":{"line":35,"column":null}},"2":{"start":{"line":46,"column":25},"end":{"line":82,"column":null}},"3":{"start":{"line":47,"column":2},"end":{"line":82,"column":null}},"4":{"start":{"line":85,"column":28},"end":{"line":259,"column":null}},"5":{"start":{"line":86,"column":58},"end":{"line":86,"column":null}},"6":{"start":{"line":88,"column":27},"end":{"line":88,"column":null}},"7":{"start":{"line":90,"column":2},"end":{"line":257,"column":null}},"8":{"start":{"line":152,"column":14},"end":{"line":160,"column":null}}},"fnMap":{"0":{"name":"(anonymous_0)","decl":{"start":{"line":10,"column":21},"end":{"line":10,"column":22}},"loc":{"start":{"line":11,"column":2},"end":{"line":35,"column":null}},"line":11},"1":{"name":"(anonymous_1)","decl":{"start":{"line":46,"column":25},"end":{"line":46,"column":26}},"loc":{"start":{"line":47,"column":2},"end":{"line":82,"column":null}},"line":47},"2":{"name":"(anonymous_2)","decl":{"start":{"line":85,"column":28},"end":{"line":85,"column":34}},"loc":{"start":{"line":85,"column":34},"end":{"line":259,"column":null}},"line":85},"3":{"name":"(anonymous_3)","decl":{"start":{"line":151,"column":33},"end":{"line":151,"column":34}},"loc":{"start":{"line":152,"column":14},"end":{"line":160,"column":null}},"line":152}},"branchMap":{"0":{"loc":{"start":{"line":63,"column":25},"end":{"line":63,"column":null}},"type":"cond-expr","locations":[{"start":{"line":63,"column":36},"end":{"line":63,"column":48}},{"start":{"line":63,"column":48},"end":{"line":63,"column":null}}],"line":63},"1":{"loc":{"start":{"line":64,"column":25},"end":{"line":64,"column":null}},"type":"cond-expr","locations":[{"start":{"line":64,"column":36},"end":{"line":64,"column":57}},{"start":{"line":64,"column":57},"end":{"line":64,"column":null}}],"line":64},"2":{"loc":{"start":{"line":76,"column":7},"end":{"line":79,"column":null}},"type":"binary-expr","locations":[{"start":{"line":76,"column":7},"end":{"line":76,"column":null}},{"start":{"line":77,"column":8},"end":{"line":79,"column":null}}],"line":76},"3":{"loc":{"start":{"line":86,"column":16},"end":{"line":86,"column":31}},"type":"default-arg","locations":[{"start":{"line":86,"column":27},"end":{"line":86,"column":31}}],"line":86},"4":{"loc":{"start":{"line":144,"column":11},"end":{"line":161,"column":null}},"type":"cond-expr","locations":[{"start":{"line":145,"column":12},"end":{"line":149,"column":null}},{"start":{"line":151,"column":12},"end":{"line":161,"column":null}}],"line":144},"5":{"loc":{"start":{"line":157,"column":28},"end":{"line":157,"column":null}},"type":"binary-expr","locations":[{"start":{"line":157,"column":28},"end":{"line":157,"column":49}},{"start":{"line":157,"column":49},"end":{"line":157,"column":null}}],"line":157},"6":{"loc":{"start":{"line":158,"column":31},"end":{"line":158,"column":null}},"type":"binary-expr","locations":[{"start":{"line":158,"column":31},"end":{"line":158,"column":54}},{"start":{"line":158,"column":54},"end":{"line":158,"column":null}}],"line":158}},"s":{"0":1,"1":12,"2":1,"3":2,"4":1,"5":3,"6":3,"7":3,"8":2},"f":{"0":12,"1":2,"2":3,"3":2},"b":{"0":[2,0],"1":[2,0],"2":[2,2],"3":[3],"4":[1,2],"5":[2,0],"6":[2,0]},"meta":{"lastBranch":7,"lastFunction":4,"lastStatement":9,"seen":{"s:10:21:35:Infinity":0,"f:10:21:10:22":0,"s:11:2:35:Infinity":1,"s:46:25:82:Infinity":2,"f:46:25:46:26":1,"s:47:2:82:Infinity":3,"b:63:36:63:48:63:48:63:Infinity":0,"b:64:36:64:57:64:57:64:Infinity":1,"b:76:7:76:Infinity:77:8:79:Infinity":2,"s:85:28:259:Infinity":4,"f:85:28:85:34":2,"s:86:58:86:Infinity":5,"b:86:27:86:31":3,"s:88:27:88:Infinity":6,"s:90:2:257:Infinity":7,"b:145:12:149:Infinity:151:12:161:Infinity":4,"f:151:33:151:34":3,"s:152:14:160:Infinity":8,"b:157:28:157:49:157:49:157:Infinity":5,"b:158:31:158:54:158:54:158:Infinity":6}}}
,"/Users/macbookprom1/mekong-cli/com-anh-duong-10x/react-app/src/shared/lib/formatters.ts": {"path":"/Users/macbookprom1/mekong-cli/com-anh-duong-10x/react-app/src/shared/lib/formatters.ts","statementMap":{"0":{"start":{"line":5,"column":0},"end":{"line":5,"column":null}},"1":{"start":{"line":7,"column":30},"end":{"line":12,"column":null}},"2":{"start":{"line":8,"column":2},"end":{"line":11,"column":null}},"3":{"start":{"line":14,"column":26},"end":{"line":17,"column":null}},"4":{"start":{"line":15,"column":2},"end":{"line":15,"column":null}},"5":{"start":{"line":15,"column":13},"end":{"line":15,"column":null}},"6":{"start":{"line":16,"column":2},"end":{"line":16,"column":null}},"7":{"start":{"line":19,"column":30},"end":{"line":22,"column":null}},"8":{"start":{"line":20,"column":2},"end":{"line":20,"column":null}},"9":{"start":{"line":20,"column":13},"end":{"line":20,"column":null}},"10":{"start":{"line":21,"column":2},"end":{"line":21,"column":null}},"11":{"start":{"line":24,"column":34},"end":{"line":36,"column":null}},"12":{"start":{"line":25,"column":2},"end":{"line":25,"column":null}},"13":{"start":{"line":25,"column":13},"end":{"line":25,"column":null}},"14":{"start":{"line":26,"column":8},"end":{"line":26,"column":null}},"15":{"start":{"line":27,"column":15},"end":{"line":27,"column":null}},"16":{"start":{"line":29,"column":2},"end":{"line":35,"column":null}},"17":{"start":{"line":30,"column":4},"end":{"line":30,"column":null}},"18":{"start":{"line":31,"column":2},"end":{"line":35,"column":null}},"19":{"start":{"line":32,"column":4},"end":{"line":32,"column":null}},"20":{"start":{"line":34,"column":4},"end":{"line":34,"column":null}}},"fnMap":{"0":{"name":"(anonymous_0)","decl":{"start":{"line":7,"column":30},"end":{"line":7,"column":31}},"loc":{"start":{"line":7,"column":58},"end":{"line":12,"column":null}},"line":7},"1":{"name":"(anonymous_1)","decl":{"start":{"line":14,"column":26},"end":{"line":14,"column":27}},"loc":{"start":{"line":14,"column":89},"end":{"line":17,"column":null}},"line":14},"2":{"name":"(anonymous_2)","decl":{"start":{"line":19,"column":30},"end":{"line":19,"column":31}},"loc":{"start":{"line":19,"column":99},"end":{"line":22,"column":null}},"line":19},"3":{"name":"(anonymous_3)","decl":{"start":{"line":24,"column":34},"end":{"line":24,"column":35}},"loc":{"start":{"line":24,"column":74},"end":{"line":36,"column":null}},"line":24}},"branchMap":{"0":{"loc":{"start":{"line":14,"column":55},"end":{"line":14,"column":89}},"type":"default-arg","locations":[{"start":{"line":14,"column":64},"end":{"line":14,"column":89}}],"line":14},"1":{"loc":{"start":{"line":15,"column":2},"end":{"line":15,"column":null}},"type":"if","locations":[{"start":{"line":15,"column":2},"end":{"line":15,"column":null}},{"start":{},"end":{}}],"line":15},"2":{"loc":{"start":{"line":19,"column":59},"end":{"line":19,"column":99}},"type":"default-arg","locations":[{"start":{"line":19,"column":68},"end":{"line":19,"column":99}}],"line":19},"3":{"loc":{"start":{"line":20,"column":2},"end":{"line":20,"column":null}},"type":"if","locations":[{"start":{"line":20,"column":2},"end":{"line":20,"column":null}},{"start":{},"end":{}}],"line":20},"4":{"loc":{"start":{"line":25,"column":2},"end":{"line":25,"column":null}},"type":"if","locations":[{"start":{"line":25,"column":2},"end":{"line":25,"column":null}},{"start":{},"end":{}}],"line":25},"5":{"loc":{"start":{"line":29,"column":2},"end":{"line":35,"column":null}},"type":"if","locations":[{"start":{"line":29,"column":2},"end":{"line":35,"column":null}},{"start":{"line":31,"column":2},"end":{"line":35,"column":null}}],"line":29},"6":{"loc":{"start":{"line":31,"column":2},"end":{"line":35,"column":null}},"type":"if","locations":[{"start":{"line":31,"column":2},"end":{"line":35,"column":null}},{"start":{"line":33,"column":9},"end":{"line":35,"column":null}}],"line":31}},"s":{"0":1,"1":1,"2":2,"3":1,"4":2,"5":1,"6":1,"7":1,"8":2,"9":1,"10":1,"11":1,"12":4,"13":1,"14":3,"15":3,"16":3,"17":1,"18":2,"19":1,"20":1},"f":{"0":2,"1":2,"2":2,"3":4},"b":{"0":[2],"1":[1,1],"2":[2],"3":[1,1],"4":[1,3],"5":[1,2],"6":[1,1]},"meta":{"lastBranch":7,"lastFunction":4,"lastStatement":21,"seen":{"s:5:0:5:Infinity":0,"s:7:30:12:Infinity":1,"f:7:30:7:31":0,"s:8:2:11:Infinity":2,"s:14:26:17:Infinity":3,"f:14:26:14:27":1,"b:14:64:14:89":0,"b:15:2:15:Infinity:undefined:undefined:undefined:undefined":1,"s:15:2:15:Infinity":4,"s:15:13:15:Infinity":5,"s:16:2:16:Infinity":6,"s:19:30:22:Infinity":7,"f:19:30:19:31":2,"b:19:68:19:99":2,"b:20:2:20:Infinity:undefined:undefined:undefined:undefined":3,"s:20:2:20:Infinity":8,"s:20:13:20:Infinity":9,"s:21:2:21:Infinity":10,"s:24:34:36:Infinity":11,"f:24:34:24:35":3,"b:25:2:25:Infinity:undefined:undefined:undefined:undefined":4,"s:25:2:25:Infinity":12,"s:25:13:25:Infinity":13,"s:26:8:26:Infinity":14,"s:27:15:27:Infinity":15,"b:29:2:35:Infinity:31:2:35:Infinity":5,"s:29:2:35:Infinity":16,"s:30:4:30:Infinity":17,"b:31:2:35:Infinity:33:9:35:Infinity":6,"s:31:2:35:Infinity":18,"s:32:4:32:Infinity":19,"s:34:4:34:Infinity":20}}}
}
