{"/Users/macbookprom1/mekong-cli/com-anh-duong-10x/react-app/src/features/cart/model/cart-store.ts": {"path":"/Users/macbookprom1/mekong-cli/com-anh-duong-10x/react-app/src/features/cart/model/cart-store.ts","statementMap":{"0":{"start":{"line":22,"column":13},"end":{"line":67,"column":null}},"1":{"start":{"line":24,"column":19},"end":{"line":62,"column":null}},"2":{"start":{"line":27,"column":8},"end":{"line":39,"column":null}},"3":{"start":{"line":28,"column":31},"end":{"line":28,"column":null}},"4":{"start":{"line":28,"column":58},"end":{"line":28,"column":80}},"5":{"start":{"line":29,"column":10},"end":{"line":35,"column":null}},"6":{"start":{"line":30,"column":12},"end":{"line":34,"column":null}},"7":{"start":{"line":32,"column":16},"end":{"line":32,"column":null}},"8":{"start":{"line":36,"column":10},"end":{"line":38,"column":null}},"9":{"start":{"line":42,"column":8},"end":{"line":44,"column":null}},"10":{"start":{"line":42,"column":24},"end":{"line":44,"column":10}},"11":{"start":{"line":43,"column":46},"end":{"line":43,"column":67}},"12":{"start":{"line":47,"column":8},"end":{"line":51,"column":null}},"13":{"start":{"line":47,"column":24},"end":{"line":51,"column":10}},"14":{"start":{"line":49,"column":28},"end":{"line":49,"column":81}},"15":{"start":{"line":50,"column":30},"end":{"line":50,"column":47}},"16":{"start":{"line":54,"column":8},"end":{"line":54,"column":null}},"17":{"start":{"line":57,"column":8},"end":{"line":57,"column":null}},"18":{"start":{"line":57,"column":51},"end":{"line":57,"column":87}},"19":{"start":{"line":60,"column":8},"end":{"line":60,"column":null}},"20":{"start":{"line":60,"column":51},"end":{"line":60,"column":74}}},"fnMap":{"0":{"name":"(anonymous_0)","decl":{"start":{"line":24,"column":4},"end":{"line":24,"column":5}},"loc":{"start":{"line":24,"column":19},"end":{"line":62,"column":null}},"line":24},"1":{"name":"(anonymous_1)","decl":{"start":{"line":26,"column":15},"end":{"line":26,"column":16}},"loc":{"start":{"line":26,"column":53},"end":{"line":40,"column":null}},"line":26},"2":{"name":"(anonymous_2)","decl":{"start":{"line":27,"column":12},"end":{"line":27,"column":13}},"loc":{"start":{"line":27,"column":23},"end":{"line":39,"column":9}},"line":27},"3":{"name":"(anonymous_3)","decl":{"start":{"line":28,"column":48},"end":{"line":28,"column":49}},"loc":{"start":{"line":28,"column":58},"end":{"line":28,"column":80}},"line":28},"4":{"name":"(anonymous_4)","decl":{"start":{"line":31,"column":37},"end":{"line":31,"column":38}},"loc":{"start":{"line":32,"column":16},"end":{"line":32,"column":null}},"line":32},"5":{"name":"(anonymous_5)","decl":{"start":{"line":41,"column":18},"end":{"line":41,"column":19}},"loc":{"start":{"line":41,"column":33},"end":{"line":45,"column":null}},"line":41},"6":{"name":"(anonymous_6)","decl":{"start":{"line":42,"column":12},"end":{"line":42,"column":13}},"loc":{"start":{"line":42,"column":24},"end":{"line":44,"column":10}},"line":42},"7":{"name":"(anonymous_7)","decl":{"start":{"line":43,"column":36},"end":{"line":43,"column":37}},"loc":{"start":{"line":43,"column":46},"end":{"line":43,"column":67}},"line":43},"8":{"name":"(anonymous_8)","decl":{"start":{"line":46,"column":22},"end":{"line":46,"column":23}},"loc":{"start":{"line":46,"column":47},"end":{"line":52,"column":null}},"line":46},"9":{"name":"(anonymous_9)","decl":{"start":{"line":47,"column":12},"end":{"line":47,"column":13}},"loc":{"start":{"line":47,"column":24},"end":{"line":51,"column":10}},"line":47},"10":{"name":"(anonymous_10)","decl":{"start":{"line":49,"column":17},"end":{"line":49,"column":18}},"loc":{"start":{"line":49,"column":28},"end":{"line":49,"column":81}},"line":49},"11":{"name":"(anonymous_11)","decl":{"start":{"line":50,"column":20},"end":{"line":50,"column":21}},"loc":{"start":{"line":50,"column":30},"end":{"line":50,"column":47}},"line":50},"12":{"name":"(anonymous_12)","decl":{"start":{"line":53,"column":17},"end":{"line":53,"column":23}},"loc":{"start":{"line":53,"column":23},"end":{"line":55,"column":null}},"line":53},"13":{"name":"(anonymous_13)","decl":{"start":{"line":56,"column":19},"end":{"line":56,"column":25}},"loc":{"start":{"line":56,"column":25},"end":{"line":58,"column":null}},"line":56},"14":{"name":"(anonymous_14)","decl":{"start":{"line":57,"column":34},"end":{"line":57,"column":35}},"loc":{"start":{"line":57,"column":51},"end":{"line":57,"column":87}},"line":57},"15":{"name":"(anonymous_15)","decl":{"start":{"line":59,"column":18},"end":{"line":59,"column":24}},"loc":{"start":{"line":59,"column":24},"end":{"line":61,"column":null}},"line":59},"16":{"name":"(anonymous_16)","decl":{"start":{"line":60,"column":34},"end":{"line":60,"column":35}},"loc":{"start":{"line":60,"column":51},"end":{"line":60,"column":74}},"line":60}},"branchMap":{"0":{"loc":{"start":{"line":26,"column":25},"end":{"line":26,"column":39}},"type":"default-arg","locations":[{"start":{"line":26,"column":36},"end":{"line":26,"column":39}}],"line":26},"1":{"loc":{"start":{"line":26,"column":39},"end":{"line":26,"column":53}},"type":"default-arg","locations":[{"start":{"line":26,"column":46},"end":{"line":26,"column":53}}],"line":26},"2":{"loc":{"start":{"line":29,"column":10},"end":{"line":35,"column":null}},"type":"if","locations":[{"start":{"line":29,"column":10},"end":{"line":35,"column":null}},{"start":{},"end":{}}],"line":29},"3":{"loc":{"start":{"line":32,"column":16},"end":{"line":32,"column":null}},"type":"cond-expr","locations":[{"start":{"line":32,"column":41},"end":{"line":32,"column":91}},{"start":{"line":32,"column":91},"end":{"line":32,"column":null}}],"line":32},"4":{"loc":{"start":{"line":49,"column":28},"end":{"line":49,"column":81}},"type":"cond-expr","locations":[{"start":{"line":49,"column":52},"end":{"line":49,"column":76}},{"start":{"line":49,"column":76},"end":{"line":49,"column":81}}],"line":49}},"s":{"0":1,"1":1,"2":10,"3":10,"4":3,"5":10,"6":1,"7":1,"8":9,"9":1,"10":1,"11":1,"12":2,"13":2,"14":2,"15":2,"16":9,"17":6,"18":5,"19":6,"20":4},"f":{"0":1,"1":10,"2":10,"3":3,"4":1,"5":1,"6":1,"7":1,"8":2,"9":2,"10":2,"11":2,"12":9,"13":6,"14":5,"15":6,"16":4},"b":{"0":[10],"1":[10],"2":[1,9],"3":[1,0],"4":[2,0]},"meta":{"lastBranch":5,"lastFunction":17,"lastStatement":21,"seen":{"s:22:13:67:Infinity":0,"f:24:4:24:5":0,"s:24:19:62:Infinity":1,"f:26:15:26:16":1,"b:26:36:26:39":0,"b:26:46:26:53":1,"s:27:8:39:Infinity":2,"f:27:12:27:13":2,"s:28:31:28:Infinity":3,"f:28:48:28:49":3,"s:28:58:28:80":4,"b:29:10:35:Infinity:undefined:undefined:undefined:undefined":2,"s:29:10:35:Infinity":5,"s:30:12:34:Infinity":6,"f:31:37:31:38":4,"s:32:16:32:Infinity":7,"b:32:41:32:91:32:91:32:Infinity":3,"s:36:10:38:Infinity":8,"f:41:18:41:19":5,"s:42:8:44:Infinity":9,"f:42:12:42:13":6,"s:42:24:44:10":10,"f:43:36:43:37":7,"s:43:46:43:67":11,"f:46:22:46:23":8,"s:47:8:51:Infinity":12,"f:47:12:47:13":9,"s:47:24:51:10":13,"f:49:17:49:18":10,"s:49:28:49:81":14,"b:49:52:49:76:49:76:49:81":4,"f:50:20:50:21":11,"s:50:30:50:47":15,"f:53:17:53:23":12,"s:54:8:54:Infinity":16,"f:56:19:56:25":13,"s:57:8:57:Infinity":17,"f:57:34:57:35":14,"s:57:51:57:87":18,"f:59:18:59:24":15,"s:60:8:60:Infinity":19,"f:60:34:60:35":16,"s:60:51:60:74":20}}}
,"/Users/macbookprom1/mekong-cli/com-anh-duong-10x/react-app/src/features/menu/api/use-menu.ts": {"path":"/Users/macbookprom1/mekong-cli/com-anh-duong-10x/react-app/src/features/menu/api/use-menu.ts","statementMap":{"0":{"start":{"line":10,"column":69},"end":{"line":137,"column":null}},"1":{"start":{"line":139,"column":36},"end":{"line":167,"column":null}},"2":{"start":{"line":169,"column":28},"end":{"line":209,"column":null}},"3":{"start":{"line":170,"column":2},"end":{"line":208,"column":null}},"4":{"start":{"line":174,"column":6},"end":{"line":177,"column":null}},"5":{"start":{"line":175,"column":8},"end":{"line":175,"column":null}},"6":{"start":{"line":176,"column":8},"end":{"line":176,"column":null}},"7":{"start":{"line":179,"column":6},"end":{"line":206,"column":null}},"8":{"start":{"line":180,"column":32},"end":{"line":193,"column":null}},"9":{"start":{"line":196,"column":8},"end":{"line":199,"column":null}},"10":{"start":{"line":197,"column":10},"end":{"line":197,"column":null}},"11":{"start":{"line":198,"column":10},"end":{"line":198,"column":null}},"12":{"start":{"line":201,"column":8},"end":{"line":201,"column":null}},"13":{"start":{"line":204,"column":8},"end":{"line":204,"column":null}},"14":{"start":{"line":205,"column":8},"end":{"line":205,"column":null}},"15":{"start":{"line":211,"column":29},"end":{"line":242,"column":null}},"16":{"start":{"line":212,"column":2},"end":{"line":241,"column":null}},"17":{"start":{"line":216,"column":6},"end":{"line":219,"column":null}},"18":{"start":{"line":217,"column":8},"end":{"line":217,"column":null}},"19":{"start":{"line":218,"column":8},"end":{"line":218,"column":null}},"20":{"start":{"line":221,"column":6},"end":{"line":239,"column":null}},"21":{"start":{"line":222,"column":32},"end":{"line":226,"column":null}},"22":{"start":{"line":229,"column":8},"end":{"line":232,"column":null}},"23":{"start":{"line":230,"column":10},"end":{"line":230,"column":null}},"24":{"start":{"line":231,"column":10},"end":{"line":231,"column":null}},"25":{"start":{"line":234,"column":8},"end":{"line":234,"column":null}},"26":{"start":{"line":237,"column":8},"end":{"line":237,"column":null}},"27":{"start":{"line":238,"column":8},"end":{"line":238,"column":null}}},"fnMap":{"0":{"name":"(anonymous_0)","decl":{"start":{"line":169,"column":28},"end":{"line":169,"column":34}},"loc":{"start":{"line":169,"column":34},"end":{"line":209,"column":null}},"line":169},"1":{"name":"(anonymous_1)","decl":{"start":{"line":172,"column":13},"end":{"line":172,"column":25}},"loc":{"start":{"line":172,"column":25},"end":{"line":207,"column":null}},"line":172},"2":{"name":"(anonymous_2)","decl":{"start":{"line":211,"column":29},"end":{"line":211,"column":35}},"loc":{"start":{"line":211,"column":35},"end":{"line":242,"column":null}},"line":211},"3":{"name":"(anonymous_3)","decl":{"start":{"line":214,"column":13},"end":{"line":214,"column":25}},"loc":{"start":{"line":214,"column":25},"end":{"line":240,"column":null}},"line":214}},"branchMap":{"0":{"loc":{"start":{"line":174,"column":6},"end":{"line":177,"column":null}},"type":"if","locations":[{"start":{"line":174,"column":6},"end":{"line":177,"column":null}},{"start":{},"end":{}}],"line":174},"1":{"loc":{"start":{"line":196,"column":8},"end":{"line":199,"column":null}},"type":"if","locations":[{"start":{"line":196,"column":8},"end":{"line":199,"column":null}},{"start":{},"end":{}}],"line":196},"2":{"loc":{"start":{"line":216,"column":6},"end":{"line":219,"column":null}},"type":"if","locations":[{"start":{"line":216,"column":6},"end":{"line":219,"column":null}},{"start":{},"end":{}}],"line":216},"3":{"loc":{"start":{"line":229,"column":8},"end":{"line":232,"column":null}},"type":"if","locations":[{"start":{"line":229,"column":8},"end":{"line":232,"column":null}},{"start":{},"end":{}}],"line":229}},"s":{"0":1,"1":1,"2":1,"3":6,"4":3,"5":0,"6":0,"7":3,"8":3,"9":2,"10":1,"11":1,"12":1,"13":1,"14":1,"15":1,"16":2,"17":1,"18":0,"19":0,"20":1,"21":1,"22":1,"23":1,"24":1,"25":0,"26":0,"27":0},"f":{"0":6,"1":3,"2":2,"3":1},"b":{"0":[0,3],"1":[1,1],"2":[0,1],"3":[1,0]},"meta":{"lastBranch":4,"lastFunction":4,"lastStatement":28,"seen":{"s:10:69:137:Infinity":0,"s:139:36:167:Infinity":1,"s:169:28:209:Infinity":2,"f:169:28:169:34":0,"s:170:2:208:Infinity":3,"f:172:13:172:25":1,"b:174:6:177:Infinity:undefined:undefined:undefined:undefined":0,"s:174:6:177:Infinity":4,"s:175:8:175:Infinity":5,"s:176:8:176:Infinity":6,"s:179:6:206:Infinity":7,"s:180:32:193:Infinity":8,"b:196:8:199:Infinity:undefined:undefined:undefined:undefined":1,"s:196:8:199:Infinity":9,"s:197:10:197:Infinity":10,"s:198:10:198:Infinity":11,"s:201:8:201:Infinity":12,"s:204:8:204:Infinity":13,"s:205:8:205:Infinity":14,"s:211:29:242:Infinity":15,"f:211:29:211:35":2,"s:212:2:241:Infinity":16,"f:214:13:214:25":3,"b:216:6:219:Infinity:undefined:undefined:undefined:undefined":2,"s:216:6:219:Infinity":17,"s:217:8:217:Infinity":18,"s:218:8:218:Infinity":19,"s:221:6:239:Infinity":20,"s:222:32:226:Infinity":21,"b:229:8:232:Infinity:undefined:undefined:undefined:undefined":3,"s:229:8:232:Infinity":22,"s:230:10:230:Infinity":23,"s:231:10:231:Infinity":24,"s:234:8:234:Infinity":25,"s:237:8:237:Infinity":26,"s:238:8:238:Infinity":27}}}
,"/Users/macbookprom1/mekong-cli/com-anh-duong-10x/react-app/src/features/menu/components/menu-showcase.tsx": {"path":"/Users/macbookprom1/mekong-cli/com-anh-duong-10x/react-app/src/features/menu/components/menu-showcase.tsx","statementMap":{"0":{"start":{"line":22,"column":21},"end":{"line":52,"column":null}},"1":{"start":{"line":23,"column":2},"end":{"line":52,"column":null}},"2":{"start":{"line":63,"column":25},"end":{"line":108,"column":null}},"3":{"start":{"line":64,"column":2},"end":{"line":108,"column":null}},"4":{"start":{"line":111,"column":28},"end":{"line":310,"column":null}},"5":{"start":{"line":112,"column":65},"end":{"line":112,"column":null}},"6":{"start":{"line":114,"column":27},"end":{"line":114,"column":null}},"7":{"start":{"line":116,"column":2},"end":{"line":308,"column":null}},"8":{"start":{"line":188,"column":14},"end":{"line":196,"column":null}}},"fnMap":{"0":{"name":"(anonymous_0)","decl":{"start":{"line":22,"column":21},"end":{"line":22,"column":22}},"loc":{"start":{"line":23,"column":2},"end":{"line":52,"column":null}},"line":23},"1":{"name":"(anonymous_1)","decl":{"start":{"line":63,"column":25},"end":{"line":63,"column":26}},"loc":{"start":{"line":64,"column":2},"end":{"line":108,"column":null}},"line":64},"2":{"name":"(anonymous_2)","decl":{"start":{"line":111,"column":28},"end":{"line":111,"column":34}},"loc":{"start":{"line":111,"column":34},"end":{"line":310,"column":null}},"line":111},"3":{"name":"(anonymous_3)","decl":{"start":{"line":187,"column":33},"end":{"line":187,"column":34}},"loc":{"start":{"line":188,"column":14},"end":{"line":196,"column":null}},"line":188}},"branchMap":{"0":{"loc":{"start":{"line":76,"column":5},"end":{"line":93,"column":null}},"type":"cond-expr","locations":[{"start":{"line":77,"column":6},"end":{"line":85,"column":null}},{"start":{"line":87,"column":6},"end":{"line":93,"column":null}}],"line":76},"1":{"loc":{"start":{"line":102,"column":7},"end":{"line":105,"column":null}},"type":"binary-expr","locations":[{"start":{"line":102,"column":7},"end":{"line":102,"column":null}},{"start":{"line":103,"column":8},"end":{"line":105,"column":null}}],"line":102},"2":{"loc":{"start":{"line":112,"column":16},"end":{"line":112,"column":31}},"type":"default-arg","locations":[{"start":{"line":112,"column":27},"end":{"line":112,"column":31}}],"line":112},"3":{"loc":{"start":{"line":174,"column":11},"end":{"line":197,"column":null}},"type":"cond-expr","locations":[{"start":{"line":175,"column":12},"end":{"line":179,"column":null}},{"start":{"line":180,"column":14},"end":{"line":197,"column":null}}],"line":174},"4":{"loc":{"start":{"line":180,"column":14},"end":{"line":197,"column":null}},"type":"cond-expr","locations":[{"start":{"line":181,"column":12},"end":{"line":185,"column":null}},{"start":{"line":187,"column":12},"end":{"line":197,"column":null}}],"line":180},"5":{"loc":{"start":{"line":193,"column":28},"end":{"line":193,"column":null}},"type":"binary-expr","locations":[{"start":{"line":193,"column":28},"end":{"line":193,"column":49}},{"start":{"line":193,"column":49},"end":{"line":193,"column":null}}],"line":193},"6":{"loc":{"start":{"line":194,"column":31},"end":{"line":194,"column":null}},"type":"binary-expr","locations":[{"start":{"line":194,"column":31},"end":{"line":194,"column":54}},{"start":{"line":194,"column":54},"end":{"line":194,"column":null}}],"line":194}},"s":{"0":1,"1":12,"2":1,"3":2,"4":1,"5":3,"6":3,"7":3,"8":2},"f":{"0":12,"1":2,"2":3,"3":2},"b":{"0":[2,0],"1":[2,2],"2":[3],"3":[0,3],"4":[1,2],"5":[2,0],"6":[2,0]},"meta":{"lastBranch":7,"lastFunction":4,"lastStatement":9,"seen":{"s:22:21:52:Infinity":0,"f:22:21:22:22":0,"s:23:2:52:Infinity":1,"s:63:25:108:Infinity":2,"f:63:25:63:26":1,"s:64:2:108:Infinity":3,"b:77:6:85:Infinity:87:6:93:Infinity":0,"b:102:7:102:Infinity:103:8:105:Infinity":1,"s:111:28:310:Infinity":4,"f:111:28:111:34":2,"s:112:65:112:Infinity":5,"b:112:27:112:31":2,"s:114:27:114:Infinity":6,"s:116:2:308:Infinity":7,"b:175:12:179:Infinity:180:14:197:Infinity":3,"b:181:12:185:Infinity:187:12:197:Infinity":4,"f:187:33:187:34":3,"s:188:14:196:Infinity":8,"b:193:28:193:49:193:49:193:Infinity":5,"b:194:31:194:54:194:54:194:Infinity":6}}}
,"/Users/macbookprom1/mekong-cli/com-anh-duong-10x/react-app/src/features/payment/components/payment-method-selector.tsx": {"path":"/Users/macbookprom1/mekong-cli/com-anh-duong-10x/react-app/src/features/payment/components/payment-method-selector.tsx","statementMap":{"0":{"start":{"line":19,"column":37},"end":{"line":86,"column":null}},"1":{"start":{"line":20,"column":2},"end":{"line":84,"column":null}},"2":{"start":{"line":27,"column":53},"end":{"line":27,"column":null}}},"fnMap":{"0":{"name":"(anonymous_0)","decl":{"start":{"line":19,"column":37},"end":{"line":19,"column":38}},"loc":{"start":{"line":19,"column":97},"end":{"line":86,"column":null}},"line":19},"1":{"name":"(anonymous_1)","decl":{"start":{"line":27,"column":46},"end":{"line":27,"column":47}},"loc":{"start":{"line":27,"column":53},"end":{"line":27,"column":null}},"line":27}},"branchMap":{"0":{"loc":{"start":{"line":42,"column":24},"end":{"line":42,"column":null}},"type":"cond-expr","locations":[{"start":{"line":42,"column":43},"end":{"line":42,"column":65}},{"start":{"line":42,"column":65},"end":{"line":42,"column":null}}],"line":42},"1":{"loc":{"start":{"line":45,"column":25},"end":{"line":45,"column":null}},"type":"cond-expr","locations":[{"start":{"line":45,"column":44},"end":{"line":45,"column":56}},{"start":{"line":45,"column":56},"end":{"line":45,"column":null}}],"line":45},"2":{"loc":{"start":{"line":77,"column":11},"end":{"line":80,"column":null}},"type":"binary-expr","locations":[{"start":{"line":77,"column":11},"end":{"line":77,"column":null}},{"start":{"line":78,"column":12},"end":{"line":80,"column":null}}],"line":77}},"s":{"0":1,"1":4,"2":1},"f":{"0":4,"1":1},"b":{"0":[4,0],"1":[4,0],"2":[4,0]},"meta":{"lastBranch":3,"lastFunction":2,"lastStatement":3,"seen":{"s:19:37:86:Infinity":0,"f:19:37:19:38":0,"s:20:2:84:Infinity":1,"f:27:46:27:47":1,"s:27:53:27:Infinity":2,"b:42:43:42:65:42:65:42:Infinity":0,"b:45:44:45:56:45:56:45:Infinity":1,"b:77:11:77:Infinity:78:12:80:Infinity":2}}}
,"/Users/macbookprom1/mekong-cli/com-anh-duong-10x/react-app/src/pages/customer/checkout-page.tsx": {"path":"/Users/macbookprom1/mekong-cli/com-anh-duong-10x/react-app/src/pages/customer/checkout-page.tsx","statementMap":{"0":{"start":{"line":35,"column":23},"end":{"line":40,"column":null}},"1":{"start":{"line":44,"column":28},"end":{"line":449,"column":null}},"2":{"start":{"line":45,"column":40},"end":{"line":45,"column":null}},"3":{"start":{"line":46,"column":15},"end":{"line":46,"column":null}},"4":{"start":{"line":47,"column":8},"end":{"line":47,"column":null}},"5":{"start":{"line":48,"column":28},"end":{"line":48,"column":null}},"6":{"start":{"line":49,"column":40},"end":{"line":49,"column":null}},"7":{"start":{"line":52,"column":8},"end":{"line":52,"column":null}},"8":{"start":{"line":53,"column":24},"end":{"line":53,"column":null}},"9":{"start":{"line":56,"column":20},"end":{"line":56,"column":null}},"10":{"start":{"line":57,"column":16},"end":{"line":57,"column":null}},"11":{"start":{"line":58,"column":44},"end":{"line":58,"column":null}},"12":{"start":{"line":59,"column":48},"end":{"line":59,"column":null}},"13":{"start":{"line":60,"column":42},"end":{"line":60,"column":null}},"14":{"start":{"line":68,"column":2},"end":{"line":75,"column":null}},"15":{"start":{"line":78,"column":23},"end":{"line":78,"column":null}},"16":{"start":{"line":79,"column":2},"end":{"line":88,"column":null}},"17":{"start":{"line":80,"column":4},"end":{"line":87,"column":null}},"18":{"start":{"line":81,"column":23},"end":{"line":81,"column":null}},"19":{"start":{"line":81,"column":45},"end":{"line":81,"column":71}},"20":{"start":{"line":82,"column":6},"end":{"line":86,"column":null}},"21":{"start":{"line":91,"column":30},"end":{"line":101,"column":null}},"22":{"start":{"line":92,"column":21},"end":{"line":92,"column":null}},"23":{"start":{"line":92,"column":43},"end":{"line":92,"column":61}},"24":{"start":{"line":93,"column":4},"end":{"line":100,"column":null}},"25":{"start":{"line":94,"column":6},"end":{"line":94,"column":null}},"26":{"start":{"line":95,"column":6},"end":{"line":95,"column":null}},"27":{"start":{"line":96,"column":6},"end":{"line":96,"column":null}},"28":{"start":{"line":97,"column":6},"end":{"line":99,"column":null}},"29":{"start":{"line":98,"column":8},"end":{"line":98,"column":null}},"30":{"start":{"line":104,"column":19},"end":{"line":104,"column":null}},"31":{"start":{"line":105,"column":25},"end":{"line":105,"column":null}},"32":{"start":{"line":106,"column":21},"end":{"line":106,"column":null}},"33":{"start":{"line":108,"column":19},"end":{"line":201,"column":null}},"34":{"start":{"line":109,"column":4},"end":{"line":109,"column":null}},"35":{"start":{"line":109,"column":28},"end":{"line":109,"column":null}},"36":{"start":{"line":110,"column":4},"end":{"line":110,"column":null}},"37":{"start":{"line":112,"column":4},"end":{"line":200,"column":null}},"38":{"start":{"line":114,"column":23},"end":{"line":114,"column":null}},"39":{"start":{"line":115,"column":6},"end":{"line":124,"column":null}},"40":{"start":{"line":116,"column":35},"end":{"line":120,"column":null}},"41":{"start":{"line":121,"column":8},"end":{"line":123,"column":null}},"42":{"start":{"line":122,"column":10},"end":{"line":122,"column":null}},"43":{"start":{"line":127,"column":27},"end":{"line":141,"column":null}},"44":{"start":{"line":144,"column":53},"end":{"line":149,"column":null}},"45":{"start":{"line":151,"column":6},"end":{"line":151,"column":null}},"46":{"start":{"line":151,"column":22},"end":{"line":151,"column":null}},"47":{"start":{"line":152,"column":6},"end":{"line":152,"column":null}},"48":{"start":{"line":152,"column":22},"end":{"line":152,"column":null}},"49":{"start":{"line":155,"column":25},"end":{"line":163,"column":null}},"50":{"start":{"line":155,"column":46},"end":{"line":163,"column":8}},"51":{"start":{"line":165,"column":36},"end":{"line":165,"column":null}},"52":{"start":{"line":167,"column":6},"end":{"line":167,"column":null}},"53":{"start":{"line":167,"column":22},"end":{"line":167,"column":null}},"54":{"start":{"line":170,"column":6},"end":{"line":193,"column":null}},"55":{"start":{"line":171,"column":8},"end":{"line":171,"column":null}},"56":{"start":{"line":172,"column":8},"end":{"line":178,"column":null}},"57":{"start":{"line":181,"column":32},"end":{"line":185,"column":null}},"58":{"start":{"line":187,"column":8},"end":{"line":189,"column":null}},"59":{"start":{"line":188,"column":10},"end":{"line":188,"column":null}},"60":{"start":{"line":191,"column":8},"end":{"line":191,"column":null}},"61":{"start":{"line":192,"column":8},"end":{"line":192,"column":null}},"62":{"start":{"line":195,"column":27},"end":{"line":195,"column":null}},"63":{"start":{"line":196,"column":6},"end":{"line":196,"column":null}},"64":{"start":{"line":197,"column":6},"end":{"line":197,"column":null}},"65":{"start":{"line":199,"column":6},"end":{"line":199,"column":null}},"66":{"start":{"line":203,"column":2},"end":{"line":212,"column":null}},"67":{"start":{"line":204,"column":4},"end":{"line":210,"column":null}},"68":{"start":{"line":207,"column":34},"end":{"line":207,"column":49}},"69":{"start":{"line":214,"column":2},"end":{"line":447,"column":null}},"70":{"start":{"line":234,"column":33},"end":{"line":234,"column":null}},"71":{"start":{"line":237,"column":18},"end":{"line":248,"column":null}},"72":{"start":{"line":322,"column":12},"end":{"line":331,"column":null}},"73":{"start":{"line":365,"column":32},"end":{"line":365,"column":null}},"74":{"start":{"line":366,"column":20},"end":{"line":368,"column":null}},"75":{"start":{"line":367,"column":22},"end":{"line":367,"column":null}},"76":{"start":{"line":378,"column":33},"end":{"line":378,"column":null}}},"fnMap":{"0":{"name":"(anonymous_0)","decl":{"start":{"line":44,"column":28},"end":{"line":44,"column":34}},"loc":{"start":{"line":44,"column":34},"end":{"line":449,"column":null}},"line":44},"1":{"name":"(anonymous_1)","decl":{"start":{"line":79,"column":12},"end":{"line":79,"column":18}},"loc":{"start":{"line":79,"column":18},"end":{"line":88,"column":5}},"line":79},"2":{"name":"(anonymous_2)","decl":{"start":{"line":81,"column":38},"end":{"line":81,"column":39}},"loc":{"start":{"line":81,"column":45},"end":{"line":81,"column":71}},"line":81},"3":{"name":"(anonymous_3)","decl":{"start":{"line":91,"column":30},"end":{"line":91,"column":31}},"loc":{"start":{"line":91,"column":53},"end":{"line":101,"column":null}},"line":91},"4":{"name":"(anonymous_4)","decl":{"start":{"line":92,"column":36},"end":{"line":92,"column":37}},"loc":{"start":{"line":92,"column":43},"end":{"line":92,"column":61}},"line":92},"5":{"name":"(anonymous_5)","decl":{"start":{"line":108,"column":19},"end":{"line":108,"column":26}},"loc":{"start":{"line":108,"column":53},"end":{"line":201,"column":null}},"line":108},"6":{"name":"(anonymous_6)","decl":{"start":{"line":155,"column":35},"end":{"line":155,"column":36}},"loc":{"start":{"line":155,"column":46},"end":{"line":163,"column":8}},"line":155},"7":{"name":"(anonymous_7)","decl":{"start":{"line":207,"column":28},"end":{"line":207,"column":34}},"loc":{"start":{"line":207,"column":34},"end":{"line":207,"column":49}},"line":207},"8":{"name":"(anonymous_8)","decl":{"start":{"line":234,"column":26},"end":{"line":234,"column":27}},"loc":{"start":{"line":234,"column":33},"end":{"line":234,"column":null}},"line":234},"9":{"name":"(anonymous_9)","decl":{"start":{"line":236,"column":31},"end":{"line":236,"column":32}},"loc":{"start":{"line":237,"column":18},"end":{"line":248,"column":null}},"line":237},"10":{"name":"(anonymous_10)","decl":{"start":{"line":321,"column":21},"end":{"line":321,"column":22}},"loc":{"start":{"line":322,"column":12},"end":{"line":331,"column":null}},"line":322},"11":{"name":"(anonymous_11)","decl":{"start":{"line":364,"column":28},"end":{"line":364,"column":29}},"loc":{"start":{"line":364,"column":35},"end":{"line":369,"column":null}},"line":364},"12":{"name":"(anonymous_12)","decl":{"start":{"line":378,"column":27},"end":{"line":378,"column":33}},"loc":{"start":{"line":378,"column":33},"end":{"line":378,"column":null}},"line":378}},"branchMap":{"0":{"loc":{"start":{"line":71,"column":16},"end":{"line":71,"column":null}},"type":"binary-expr","locations":[{"start":{"line":71,"column":16},"end":{"line":71,"column":50}},{"start":{"line":71,"column":50},"end":{"line":71,"column":null}}],"line":71},"1":{"loc":{"start":{"line":80,"column":4},"end":{"line":87,"column":null}},"type":"if","locations":[{"start":{"line":80,"column":4},"end":{"line":87,"column":null}},{"start":{},"end":{}}],"line":80},"2":{"loc":{"start":{"line":80,"column":8},"end":{"line":80,"column":46}},"type":"binary-expr","locations":[{"start":{"line":80,"column":8},"end":{"line":80,"column":27}},{"start":{"line":80,"column":27},"end":{"line":80,"column":46}}],"line":80},"3":{"loc":{"start":{"line":82,"column":6},"end":{"line":86,"column":null}},"type":"if","locations":[{"start":{"line":82,"column":6},"end":{"line":86,"column":null}},{"start":{},"end":{}}],"line":82},"4":{"loc":{"start":{"line":82,"column":10},"end":{"line":82,"column":57}},"type":"binary-expr","locations":[{"start":{"line":82,"column":10},"end":{"line":82,"column":22}},{"start":{"line":82,"column":22},"end":{"line":82,"column":57}}],"line":82},"5":{"loc":{"start":{"line":93,"column":4},"end":{"line":100,"column":null}},"type":"if","locations":[{"start":{"line":93,"column":4},"end":{"line":100,"column":null}},{"start":{},"end":{}}],"line":93},"6":{"loc":{"start":{"line":97,"column":6},"end":{"line":99,"column":null}},"type":"if","locations":[{"start":{"line":97,"column":6},"end":{"line":99,"column":null}},{"start":{},"end":{}}],"line":97},"7":{"loc":{"start":{"line":109,"column":4},"end":{"line":109,"column":null}},"type":"if","locations":[{"start":{"line":109,"column":4},"end":{"line":109,"column":null}},{"start":{},"end":{}}],"line":109},"8":{"loc":{"start":{"line":115,"column":6},"end":{"line":124,"column":null}},"type":"if","locations":[{"start":{"line":115,"column":6},"end":{"line":124,"column":null}},{"start":{},"end":{}}],"line":115},"9":{"loc":{"start":{"line":121,"column":8},"end":{"line":123,"column":null}},"type":"if","locations":[{"start":{"line":121,"column":8},"end":{"line":123,"column":null}},{"start":{},"end":{}}],"line":121},"10":{"loc":{"start":{"line":151,"column":6},"end":{"line":151,"column":null}},"type":"if","locations":[{"start":{"line":151,"column":6},"end":{"line":151,"column":null}},{"start":{},"end":{}}],"line":151},"11":{"loc":{"start":{"line":152,"column":6},"end":{"line":152,"column":null}},"type":"if","locations":[{"start":{"line":152,"column":6},"end":{"line":152,"column":null}},{"start":{},"end":{}}],"line":152},"12":{"loc":{"start":{"line":167,"column":6},"end":{"line":167,"column":null}},"type":"if","locations":[{"start":{"line":167,"column":6},"end":{"line":167,"column":null}},{"start":{},"end":{}}],"line":167},"13":{"loc":{"start":{"line":170,"column":6},"end":{"line":193,"column":null}},"type":"if","locations":[{"start":{"line":170,"column":6},"end":{"line":193,"column":null}},{"start":{"line":179,"column":13},"end":{"line":193,"column":null}}],"line":170},"14":{"loc":{"start":{"line":187,"column":8},"end":{"line":189,"column":null}},"type":"if","locations":[{"start":{"line":187,"column":8},"end":{"line":189,"column":null}},{"start":{},"end":{}}],"line":187},"15":{"loc":{"start":{"line":187,"column":12},"end":{"line":187,"column":61}},"type":"binary-expr","locations":[{"start":{"line":187,"column":12},"end":{"line":187,"column":32}},{"start":{"line":187,"column":32},"end":{"line":187,"column":61}}],"line":187},"16":{"loc":{"start":{"line":195,"column":27},"end":{"line":195,"column":null}},"type":"cond-expr","locations":[{"start":{"line":195,"column":50},"end":{"line":195,"column":64}},{"start":{"line":195,"column":64},"end":{"line":195,"column":null}}],"line":195},"17":{"loc":{"start":{"line":203,"column":2},"end":{"line":212,"column":null}},"type":"if","locations":[{"start":{"line":203,"column":2},"end":{"line":212,"column":null}},{"start":{},"end":{}}],"line":203},"18":{"loc":{"start":{"line":222,"column":11},"end":{"line":252,"column":null}},"type":"binary-expr","locations":[{"start":{"line":222,"column":11},"end":{"line":222,"column":19}},{"start":{"line":222,"column":19},"end":{"line":222,"column":null}},{"start":{"line":223,"column":12},"end":{"line":252,"column":null}}],"line":222},"19":{"loc":{"start":{"line":244,"column":25},"end":{"line":244,"column":null}},"type":"cond-expr","locations":[{"start":{"line":244,"column":38},"end":{"line":244,"column":58}},{"start":{"line":244,"column":58},"end":{"line":244,"column":null}}],"line":244},"20":{"loc":{"start":{"line":296,"column":13},"end":{"line":308,"column":null}},"type":"cond-expr","locations":[{"start":{"line":297,"column":14},"end":{"line":304,"column":null}},{"start":{"line":306,"column":14},"end":{"line":308,"column":null}}],"line":296},"21":{"loc":{"start":{"line":336,"column":11},"end":{"line":388,"column":null}},"type":"binary-expr","locations":[{"start":{"line":336,"column":11},"end":{"line":336,"column":19}},{"start":{"line":336,"column":19},"end":{"line":336,"column":28}},{"start":{"line":336,"column":28},"end":{"line":336,"column":null}},{"start":{"line":337,"column":12},"end":{"line":388,"column":null}}],"line":336},"22":{"loc":{"start":{"line":363,"column":25},"end":{"line":363,"column":null}},"type":"cond-expr","locations":[{"start":{"line":363,"column":46},"end":{"line":363,"column":63}},{"start":{"line":363,"column":63},"end":{"line":363,"column":null}}],"line":363},"23":{"loc":{"start":{"line":366,"column":20},"end":{"line":368,"column":null}},"type":"if","locations":[{"start":{"line":366,"column":20},"end":{"line":368,"column":null}},{"start":{},"end":{}}],"line":366},"24":{"loc":{"start":{"line":366,"column":24},"end":{"line":366,"column":57}},"type":"binary-expr","locations":[{"start":{"line":366,"column":24},"end":{"line":366,"column":36}},{"start":{"line":366,"column":36},"end":{"line":366,"column":57}}],"line":366},"25":{"loc":{"start":{"line":383,"column":15},"end":{"line":386,"column":null}},"type":"binary-expr","locations":[{"start":{"line":383,"column":15},"end":{"line":383,"column":null}},{"start":{"line":384,"column":16},"end":{"line":386,"column":null}}],"line":383},"26":{"loc":{"start":{"line":395,"column":11},"end":{"line":408,"column":null}},"type":"binary-expr","locations":[{"start":{"line":395,"column":11},"end":{"line":395,"column":null}},{"start":{"line":396,"column":12},"end":{"line":408,"column":null}}],"line":395},"27":{"loc":{"start":{"line":425,"column":23},"end":{"line":429,"column":null}},"type":"cond-expr","locations":[{"start":{"line":426,"column":18},"end":{"line":426,"column":null}},{"start":{"line":427,"column":18},"end":{"line":429,"column":null}}],"line":425},"28":{"loc":{"start":{"line":427,"column":18},"end":{"line":429,"column":null}},"type":"cond-expr","locations":[{"start":{"line":428,"column":20},"end":{"line":428,"column":null}},{"start":{"line":429,"column":20},"end":{"line":429,"column":null}}],"line":427},"29":{"loc":{"start":{"line":431,"column":25},"end":{"line":435,"column":null}},"type":"cond-expr","locations":[{"start":{"line":432,"column":20},"end":{"line":432,"column":null}},{"start":{"line":433,"column":20},"end":{"line":435,"column":null}}],"line":431},"30":{"loc":{"start":{"line":433,"column":20},"end":{"line":435,"column":null}},"type":"cond-expr","locations":[{"start":{"line":434,"column":22},"end":{"line":434,"column":null}},{"start":{"line":435,"column":22},"end":{"line":435,"column":null}}],"line":433},"31":{"loc":{"start":{"line":439,"column":13},"end":{"line":443,"column":null}},"type":"cond-expr","locations":[{"start":{"line":440,"column":16},"end":{"line":440,"column":null}},{"start":{"line":441,"column":16},"end":{"line":443,"column":null}}],"line":439},"32":{"loc":{"start":{"line":441,"column":16},"end":{"line":443,"column":null}},"type":"cond-expr","locations":[{"start":{"line":442,"column":18},"end":{"line":442,"column":null}},{"start":{"line":443,"column":18},"end":{"line":443,"column":null}}],"line":441}},"s":{"0":1,"1":1,"2":9,"3":9,"4":9,"5":9,"6":9,"7":9,"8":9,"9":9,"10":9,"11":9,"12":9,"13":9,"14":9,"15":9,"16":9,"17":4,"18":0,"19":0,"20":0,"21":9,"22":0,"23":0,"24":0,"25":0,"26":0,"27":0,"28":0,"29":0,"30":9,"31":9,"32":9,"33":9,"34":0,"35":0,"36":0,"37":0,"38":0,"39":0,"40":0,"41":0,"42":0,"43":0,"44":0,"45":0,"46":0,"47":0,"48":0,"49":0,"50":0,"51":0,"52":0,"53":0,"54":0,"55":0,"56":0,"57":0,"58":0,"59":0,"60":0,"61":0,"62":0,"63":0,"64":0,"65":0,"66":9,"67":2,"68":0,"69":7,"70":0,"71":0,"72":7,"73":0,"74":0,"75":0,"76":0},"f":{"0":9,"1":4,"2":0,"3":0,"4":0,"5":0,"6":0,"7":0,"8":0,"9":0,"10":7,"11":0,"12":0},"b":{"0":[9,0],"1":[0,4],"2":[4,0],"3":[0,0],"4":[0,0],"5":[0,0],"6":[0,0],"7":[0,0],"8":[0,0],"9":[0,0],"10":[0,0],"11":[0,0],"12":[0,0],"13":[0,0],"14":[0,0],"15":[0,0],"16":[0,0],"17":[2,7],"18":[7,7,0],"19":[0,0],"20":[0,7],"21":[9,7,7,0],"22":[0,0],"23":[0,0],"24":[0,0],"25":[0,0],"26":[9,0],"27":[0,7],"28":[7,0],"29":[0,7],"30":[7,0],"31":[0,7],"32":[7,0]},"meta":{"lastBranch":33,"lastFunction":13,"lastStatement":77,"seen":{"s:35:23:40:Infinity":0,"s:44:28:449:Infinity":1,"f:44:28:44:34":0,"s:45:40:45:Infinity":2,"s:46:15:46:Infinity":3,"s:47:8:47:Infinity":4,"s:48:28:48:Infinity":5,"s:49:40:49:Infinity":6,"s:52:8:52:Infinity":7,"s:53:24:53:Infinity":8,"s:56:20:56:Infinity":9,"s:57:16:57:Infinity":10,"s:58:44:58:Infinity":11,"s:59:48:59:Infinity":12,"s:60:42:60:Infinity":13,"s:68:2:75:Infinity":14,"b:71:16:71:50:71:50:71:Infinity":0,"s:78:23:78:Infinity":15,"s:79:2:88:Infinity":16,"f:79:12:79:18":1,"b:80:4:87:Infinity:undefined:undefined:undefined:undefined":1,"s:80:4:87:Infinity":17,"b:80:8:80:27:80:27:80:46":2,"s:81:23:81:Infinity":18,"f:81:38:81:39":2,"s:81:45:81:71":19,"b:82:6:86:Infinity:undefined:undefined:undefined:undefined":3,"s:82:6:86:Infinity":20,"b:82:10:82:22:82:22:82:57":4,"s:91:30:101:Infinity":21,"f:91:30:91:31":3,"s:92:21:92:Infinity":22,"f:92:36:92:37":4,"s:92:43:92:61":23,"b:93:4:100:Infinity:undefined:undefined:undefined:undefined":5,"s:93:4:100:Infinity":24,"s:94:6:94:Infinity":25,"s:95:6:95:Infinity":26,"s:96:6:96:Infinity":27,"b:97:6:99:Infinity:undefined:undefined:undefined:undefined":6,"s:97:6:99:Infinity":28,"s:98:8:98:Infinity":29,"s:104:19:104:Infinity":30,"s:105:25:105:Infinity":31,"s:106:21:106:Infinity":32,"s:108:19:201:Infinity":33,"f:108:19:108:26":5,"b:109:4:109:Infinity:undefined:undefined:undefined:undefined":7,"s:109:4:109:Infinity":34,"s:109:28:109:Infinity":35,"s:110:4:110:Infinity":36,"s:112:4:200:Infinity":37,"s:114:23:114:Infinity":38,"b:115:6:124:Infinity:undefined:undefined:undefined:undefined":8,"s:115:6:124:Infinity":39,"s:116:35:120:Infinity":40,"b:121:8:123:Infinity:undefined:undefined:undefined:undefined":9,"s:121:8:123:Infinity":41,"s:122:10:122:Infinity":42,"s:127:27:141:Infinity":43,"s:144:53:149:Infinity":44,"b:151:6:151:Infinity:undefined:undefined:undefined:undefined":10,"s:151:6:151:Infinity":45,"s:151:22:151:Infinity":46,"b:152:6:152:Infinity:undefined:undefined:undefined:undefined":11,"s:152:6:152:Infinity":47,"s:152:22:152:Infinity":48,"s:155:25:163:Infinity":49,"f:155:35:155:36":6,"s:155:46:163:8":50,"s:165:36:165:Infinity":51,"b:167:6:167:Infinity:undefined:undefined:undefined:undefined":12,"s:167:6:167:Infinity":52,"s:167:22:167:Infinity":53,"b:170:6:193:Infinity:179:13:193:Infinity":13,"s:170:6:193:Infinity":54,"s:171:8:171:Infinity":55,"s:172:8:178:Infinity":56,"s:181:32:185:Infinity":57,"b:187:8:189:Infinity:undefined:undefined:undefined:undefined":14,"s:187:8:189:Infinity":58,"b:187:12:187:32:187:32:187:61":15,"s:188:10:188:Infinity":59,"s:191:8:191:Infinity":60,"s:192:8:192:Infinity":61,"s:195:27:195:Infinity":62,"b:195:50:195:64:195:64:195:Infinity":16,"s:196:6:196:Infinity":63,"s:197:6:197:Infinity":64,"s:199:6:199:Infinity":65,"b:203:2:212:Infinity:undefined:undefined:undefined:undefined":17,"s:203:2:212:Infinity":66,"s:204:4:210:Infinity":67,"f:207:28:207:34":7,"s:207:34:207:49":68,"s:214:2:447:Infinity":69,"b:222:11:222:19:222:19:222:Infinity:223:12:252:Infinity":18,"f:234:26:234:27":8,"s:234:33:234:Infinity":70,"f:236:31:236:32":9,"s:237:18:248:Infinity":71,"b:244:38:244:58:244:58:244:Infinity":19,"b:297:14:304:Infinity:306:14:308:Infinity":20,"f:321:21:321:22":10,"s:322:12:331:Infinity":72,"b:336:11:336:19:336:19:336:28:336:28:336:Infinity:337:12:388:Infinity":21,"b:363:46:363:63:363:63:363:Infinity":22,"f:364:28:364:29":11,"s:365:32:365:Infinity":73,"b:366:20:368:Infinity:undefined:undefined:undefined:undefined":23,"s:366:20:368:Infinity":74,"b:366:24:366:36:366:36:366:57":24,"s:367:22:367:Infinity":75,"f:378:27:378:33":12,"s:378:33:378:Infinity":76,"b:383:15:383:Infinity:384:16:386:Infinity":25,"b:395:11:395:Infinity:396:12:408:Infinity":26,"b:426:18:426:Infinity:427:18:429:Infinity":27,"b:428:20:428:Infinity:429:20:429:Infinity":28,"b:432:20:432:Infinity:433:20:435:Infinity":29,"b:434:22:434:Infinity:435:22:435:Infinity":30,"b:440:16:440:Infinity:441:16:443:Infinity":31,"b:442:18:442:Infinity:443:18:443:Infinity":32}}}
,"/Users/macbookprom1/mekong-cli/com-anh-duong-10x/react-app/src/pages/customer/order-success-page.tsx": {"path":"/Users/macbookprom1/mekong-cli/com-anh-duong-10x/react-app/src/pages/customer/order-success-page.tsx","statementMap":{"0":{"start":{"line":8,"column":32},"end":{"line":94,"column":null}},"1":{"start":{"line":9,"column":8},"end":{"line":9,"column":null}},"2":{"start":{"line":10,"column":8},"end":{"line":10,"column":null}},"3":{"start":{"line":11,"column":18},"end":{"line":11,"column":null}},"4":{"start":{"line":12,"column":22},"end":{"line":12,"column":null}},"5":{"start":{"line":13,"column":24},"end":{"line":13,"column":null}},"6":{"start":{"line":15,"column":2},"end":{"line":92,"column":null}},"7":{"start":{"line":85,"column":49},"end":{"line":85,"column":64}}},"fnMap":{"0":{"name":"(anonymous_0)","decl":{"start":{"line":8,"column":32},"end":{"line":8,"column":38}},"loc":{"start":{"line":8,"column":38},"end":{"line":94,"column":null}},"line":8},"1":{"name":"(anonymous_1)","decl":{"start":{"line":85,"column":43},"end":{"line":85,"column":49}},"loc":{"start":{"line":85,"column":49},"end":{"line":85,"column":64}},"line":85}},"branchMap":{"0":{"loc":{"start":{"line":36,"column":9},"end":{"line":36,"column":52}},"type":"cond-expr","locations":[{"start":{"line":36,"column":19},"end":{"line":36,"column":49}},{"start":{"line":36,"column":49},"end":{"line":36,"column":52}}],"line":36},"1":{"loc":{"start":{"line":45,"column":9},"end":{"line":49,"column":null}},"type":"binary-expr","locations":[{"start":{"line":45,"column":9},"end":{"line":45,"column":null}},{"start":{"line":46,"column":10},"end":{"line":49,"column":null}}],"line":45},"2":{"loc":{"start":{"line":59,"column":9},"end":{"line":70,"column":null}},"type":"binary-expr","locations":[{"start":{"line":59,"column":9},"end":{"line":59,"column":37}},{"start":{"line":59,"column":37},"end":{"line":59,"column":null}},{"start":{"line":60,"column":10},"end":{"line":70,"column":null}}],"line":59}},"s":{"0":1,"1":3,"2":3,"3":3,"4":3,"5":3,"6":3,"7":0},"f":{"0":3,"1":0},"b":{"0":[2,1],"1":[3,2],"2":[3,2,2]},"meta":{"lastBranch":3,"lastFunction":2,"lastStatement":8,"seen":{"s:8:32:94:Infinity":0,"f:8:32:8:38":0,"s:9:8:9:Infinity":1,"s:10:8:10:Infinity":2,"s:11:18:11:Infinity":3,"s:12:22:12:Infinity":4,"s:13:24:13:Infinity":5,"s:15:2:92:Infinity":6,"b:36:19:36:49:36:49:36:52":0,"b:45:9:45:Infinity:46:10:49:Infinity":1,"b:59:9:59:37:59:37:59:Infinity:60:10:70:Infinity":2,"f:85:43:85:49":1,"s:85:49:85:64":7}}}
,"/Users/macbookprom1/mekong-cli/com-anh-duong-10x/react-app/src/shared/api/supabase-client.ts": {"path":"/Users/macbookprom1/mekong-cli/com-anh-duong-10x/react-app/src/shared/api/supabase-client.ts","statementMap":{"0":{"start":{"line":4,"column":20},"end":{"line":4,"column":null}},"1":{"start":{"line":5,"column":24},"end":{"line":5,"column":null}},"2":{"start":{"line":8,"column":22},"end":{"line":9,"column":null}},"3":{"start":{"line":9,"column":2},"end":{"line":9,"column":null}},"4":{"start":{"line":12,"column":2},"end":{"line":14,"column":null}},"5":{"start":{"line":16,"column":0},"end":{"line":19,"column":null}},"6":{"start":{"line":17,"column":2},"end":{"line":17,"column":null}},"7":{"start":{"line":18,"column":2},"end":{"line":18,"column":null}},"8":{"start":{"line":23,"column":13},"end":{"line":26,"column":null}}},"fnMap":{"0":{"name":"(anonymous_0)","decl":{"start":{"line":8,"column":22},"end":{"line":8,"column":23}},"loc":{"start":{"line":9,"column":2},"end":{"line":9,"column":null}},"line":9}},"branchMap":{"0":{"loc":{"start":{"line":9,"column":2},"end":{"line":9,"column":null}},"type":"binary-expr","locations":[{"start":{"line":9,"column":2},"end":{"line":9,"column":12}},{"start":{"line":9,"column":12},"end":{"line":9,"column":45}},{"start":{"line":9,"column":45},"end":{"line":9,"column":null}}],"line":9},"1":{"loc":{"start":{"line":12,"column":2},"end":{"line":14,"column":null}},"type":"binary-expr","locations":[{"start":{"line":12,"column":2},"end":{"line":12,"column":null}},{"start":{"line":13,"column":2},"end":{"line":13,"column":null}},{"start":{"line":14,"column":2},"end":{"line":14,"column":null}}],"line":12},"2":{"loc":{"start":{"line":16,"column":0},"end":{"line":19,"column":null}},"type":"if","locations":[{"start":{"line":16,"column":0},"end":{"line":19,"column":null}},{"start":{},"end":{}}],"line":16},"3":{"loc":{"start":{"line":24,"column":2},"end":{"line":24,"column":null}},"type":"binary-expr","locations":[{"start":{"line":24,"column":2},"end":{"line":24,"column":17}},{"start":{"line":24,"column":17},"end":{"line":24,"column":null}}],"line":24},"4":{"loc":{"start":{"line":25,"column":2},"end":{"line":25,"column":null}},"type":"binary-expr","locations":[{"start":{"line":25,"column":2},"end":{"line":25,"column":21}},{"start":{"line":25,"column":21},"end":{"line":25,"column":null}}],"line":25}},"s":{"0":1,"1":1,"2":1,"3":1,"4":1,"5":1,"6":1,"7":1,"8":1},"f":{"0":1},"b":{"0":[1,1,0],"1":[1,1,0],"2":[1,0],"3":[1,0],"4":[1,0]},"meta":{"lastBranch":5,"lastFunction":1,"lastStatement":9,"seen":{"s:4:20:4:Infinity":0,"s:5:24:5:Infinity":1,"s:8:22:9:Infinity":2,"f:8:22:8:23":0,"s:9:2:9:Infinity":3,"b:9:2:9:12:9:12:9:45:9:45:9:Infinity":0,"s:12:2:14:Infinity":4,"b:12:2:12:Infinity:13:2:13:Infinity:14:2:14:Infinity":1,"b:16:0:19:Infinity:undefined:undefined:undefined:undefined":2,"s:16:0:19:Infinity":5,"s:17:2:17:Infinity":6,"s:18:2:18:Infinity":7,"s:23:13:26:Infinity":8,"b:24:2:24:17:24:17:24:Infinity":3,"b:25:2:25:21:25:21:25:Infinity":4}}}
,"/Users/macbookprom1/mekong-cli/com-anh-duong-10x/react-app/src/shared/layouts/main-layout.tsx": {"path":"/Users/macbookprom1/mekong-cli/com-anh-duong-10x/react-app/src/shared/layouts/main-layout.tsx","statementMap":{"0":{"start":{"line":43,"column":26},"end":{"line":341,"column":null}},"1":{"start":{"line":44,"column":8},"end":{"line":44,"column":null}},"2":{"start":{"line":45,"column":15},"end":{"line":45,"column":null}},"3":{"start":{"line":46,"column":8},"end":{"line":46,"column":null}},"4":{"start":{"line":46,"column":45},"end":{"line":46,"column":63}},"5":{"start":{"line":47,"column":8},"end":{"line":47,"column":null}},"6":{"start":{"line":48,"column":8},"end":{"line":48,"column":null}},"7":{"start":{"line":49,"column":34},"end":{"line":49,"column":null}},"8":{"start":{"line":51,"column":19},"end":{"line":55,"column":null}},"9":{"start":{"line":57,"column":25},"end":{"line":60,"column":null}},"10":{"start":{"line":58,"column":4},"end":{"line":58,"column":null}},"11":{"start":{"line":59,"column":4},"end":{"line":59,"column":null}},"12":{"start":{"line":63,"column":4},"end":{"line":94,"column":null}},"13":{"start":{"line":72,"column":10},"end":{"line":75,"column":null}},"14":{"start":{"line":72,"column":57},"end":{"line":72,"column":null}},"15":{"start":{"line":79,"column":41},"end":{"line":79,"column":null}},"16":{"start":{"line":86,"column":41},"end":{"line":86,"column":null}},"17":{"start":{"line":97,"column":2},"end":{"line":339,"column":null}},"18":{"start":{"line":115,"column":29},"end":{"line":115,"column":null}},"19":{"start":{"line":126,"column":27},"end":{"line":126,"column":null}},"20":{"start":{"line":142,"column":31},"end":{"line":142,"column":null}},"21":{"start":{"line":153,"column":27},"end":{"line":153,"column":null}},"22":{"start":{"line":164,"column":29},"end":{"line":164,"column":null}},"23":{"start":{"line":172,"column":29},"end":{"line":172,"column":null}},"24":{"start":{"line":181,"column":61},"end":{"line":181,"column":null}},"25":{"start":{"line":222,"column":33},"end":{"line":222,"column":null}},"26":{"start":{"line":234,"column":33},"end":{"line":234,"column":null}},"27":{"start":{"line":246,"column":33},"end":{"line":246,"column":null}},"28":{"start":{"line":267,"column":33},"end":{"line":267,"column":null}},"29":{"start":{"line":279,"column":33},"end":{"line":279,"column":null}},"30":{"start":{"line":291,"column":33},"end":{"line":291,"column":null}},"31":{"start":{"line":303,"column":33},"end":{"line":303,"column":null}}},"fnMap":{"0":{"name":"(anonymous_0)","decl":{"start":{"line":43,"column":26},"end":{"line":43,"column":27}},"loc":{"start":{"line":43,"column":61},"end":{"line":341,"column":null}},"line":43},"1":{"name":"(anonymous_1)","decl":{"start":{"line":46,"column":34},"end":{"line":46,"column":35}},"loc":{"start":{"line":46,"column":45},"end":{"line":46,"column":63}},"line":46},"2":{"name":"(anonymous_2)","decl":{"start":{"line":57,"column":25},"end":{"line":57,"column":26}},"loc":{"start":{"line":57,"column":43},"end":{"line":60,"column":null}},"line":57},"3":{"name":"(anonymous_3)","decl":{"start":{"line":71,"column":22},"end":{"line":71,"column":23}},"loc":{"start":{"line":72,"column":10},"end":{"line":75,"column":null}},"line":72},"4":{"name":"(anonymous_4)","decl":{"start":{"line":72,"column":51},"end":{"line":72,"column":57}},"loc":{"start":{"line":72,"column":57},"end":{"line":72,"column":null}},"line":72},"5":{"name":"(anonymous_5)","decl":{"start":{"line":79,"column":35},"end":{"line":79,"column":41}},"loc":{"start":{"line":79,"column":41},"end":{"line":79,"column":null}},"line":79},"6":{"name":"(anonymous_6)","decl":{"start":{"line":86,"column":35},"end":{"line":86,"column":41}},"loc":{"start":{"line":86,"column":41},"end":{"line":86,"column":null}},"line":86},"7":{"name":"(anonymous_7)","decl":{"start":{"line":115,"column":23},"end":{"line":115,"column":29}},"loc":{"start":{"line":115,"column":29},"end":{"line":115,"column":null}},"line":115},"8":{"name":"(anonymous_8)","decl":{"start":{"line":126,"column":21},"end":{"line":126,"column":27}},"loc":{"start":{"line":126,"column":27},"end":{"line":126,"column":null}},"line":126},"9":{"name":"(anonymous_9)","decl":{"start":{"line":142,"column":25},"end":{"line":142,"column":31}},"loc":{"start":{"line":142,"column":31},"end":{"line":142,"column":null}},"line":142},"10":{"name":"(anonymous_10)","decl":{"start":{"line":153,"column":21},"end":{"line":153,"column":27}},"loc":{"start":{"line":153,"column":27},"end":{"line":153,"column":null}},"line":153},"11":{"name":"(anonymous_11)","decl":{"start":{"line":164,"column":23},"end":{"line":164,"column":29}},"loc":{"start":{"line":164,"column":29},"end":{"line":164,"column":null}},"line":164},"12":{"name":"(anonymous_12)","decl":{"start":{"line":172,"column":23},"end":{"line":172,"column":29}},"loc":{"start":{"line":172,"column":29},"end":{"line":172,"column":null}},"line":172},"13":{"name":"(anonymous_13)","decl":{"start":{"line":181,"column":55},"end":{"line":181,"column":61}},"loc":{"start":{"line":181,"column":61},"end":{"line":181,"column":null}},"line":181},"14":{"name":"(anonymous_14)","decl":{"start":{"line":222,"column":27},"end":{"line":222,"column":33}},"loc":{"start":{"line":222,"column":33},"end":{"line":222,"column":null}},"line":222},"15":{"name":"(anonymous_15)","decl":{"start":{"line":234,"column":27},"end":{"line":234,"column":33}},"loc":{"start":{"line":234,"column":33},"end":{"line":234,"column":null}},"line":234},"16":{"name":"(anonymous_16)","decl":{"start":{"line":246,"column":27},"end":{"line":246,"column":33}},"loc":{"start":{"line":246,"column":33},"end":{"line":246,"column":null}},"line":246},"17":{"name":"(anonymous_17)","decl":{"start":{"line":267,"column":27},"end":{"line":267,"column":33}},"loc":{"start":{"line":267,"column":33},"end":{"line":267,"column":null}},"line":267},"18":{"name":"(anonymous_18)","decl":{"start":{"line":279,"column":27},"end":{"line":279,"column":33}},"loc":{"start":{"line":279,"column":33},"end":{"line":279,"column":null}},"line":279},"19":{"name":"(anonymous_19)","decl":{"start":{"line":291,"column":27},"end":{"line":291,"column":33}},"loc":{"start":{"line":291,"column":33},"end":{"line":291,"column":null}},"line":291},"20":{"name":"(anonymous_20)","decl":{"start":{"line":303,"column":27},"end":{"line":303,"column":33}},"loc":{"start":{"line":303,"column":33},"end":{"line":303,"column":null}},"line":303}},"branchMap":{"0":{"loc":{"start":{"line":78,"column":9},"end":{"line":91,"column":null}},"type":"cond-expr","locations":[{"start":{"line":79,"column":10},"end":{"line":84,"column":null}},{"start":{"line":86,"column":10},"end":{"line":91,"column":null}}],"line":78},"1":{"loc":{"start":{"line":110,"column":11},"end":{"line":119,"column":null}},"type":"binary-expr","locations":[{"start":{"line":110,"column":11},"end":{"line":110,"column":null}},{"start":{"line":111,"column":12},"end":{"line":119,"column":null}}],"line":110},"2":{"loc":{"start":{"line":131,"column":11},"end":{"line":134,"column":null}},"type":"binary-expr","locations":[{"start":{"line":131,"column":11},"end":{"line":131,"column":null}},{"start":{"line":132,"column":12},"end":{"line":134,"column":null}}],"line":131},"3":{"loc":{"start":{"line":137,"column":11},"end":{"line":147,"column":null}},"type":"binary-expr","locations":[{"start":{"line":137,"column":11},"end":{"line":137,"column":null}},{"start":{"line":138,"column":12},"end":{"line":147,"column":null}}],"line":137},"4":{"loc":{"start":{"line":160,"column":11},"end":{"line":176,"column":null}},"type":"cond-expr","locations":[{"start":{"line":161,"column":12},"end":{"line":167,"column":null}},{"start":{"line":169,"column":12},"end":{"line":176,"column":null}}],"line":160},"5":{"loc":{"start":{"line":186,"column":9},"end":{"line":186,"column":null}},"type":"binary-expr","locations":[{"start":{"line":186,"column":9},"end":{"line":186,"column":21}},{"start":{"line":186,"column":21},"end":{"line":186,"column":null}}],"line":186}},"s":{"0":1,"1":7,"2":7,"3":7,"4":7,"5":7,"6":7,"7":7,"8":7,"9":7,"10":0,"11":0,"12":7,"13":21,"14":0,"15":0,"16":0,"17":7,"18":0,"19":0,"20":0,"21":0,"22":0,"23":0,"24":0,"25":1,"26":0,"27":0,"28":0,"29":0,"30":0,"31":0},"f":{"0":7,"1":7,"2":0,"3":21,"4":0,"5":0,"6":0,"7":0,"8":0,"9":0,"10":0,"11":0,"12":0,"13":0,"14":1,"15":0,"16":0,"17":0,"18":0,"19":0,"20":0},"b":{"0":[0,7],"1":[7,0],"2":[7,7],"3":[7,7],"4":[0,7],"5":[7,7]},"meta":{"lastBranch":6,"lastFunction":21,"lastStatement":32,"seen":{"s:43:26:341:Infinity":0,"f:43:26:43:27":0,"s:44:8:44:Infinity":1,"s:45:15:45:Infinity":2,"s:46:8:46:Infinity":3,"f:46:34:46:35":1,"s:46:45:46:63":4,"s:47:8:47:Infinity":5,"s:48:8:48:Infinity":6,"s:49:34:49:Infinity":7,"s:51:19:55:Infinity":8,"s:57:25:60:Infinity":9,"f:57:25:57:26":2,"s:58:4:58:Infinity":10,"s:59:4:59:Infinity":11,"s:63:4:94:Infinity":12,"f:71:22:71:23":3,"s:72:10:75:Infinity":13,"f:72:51:72:57":4,"s:72:57:72:Infinity":14,"b:79:10:84:Infinity:86:10:91:Infinity":0,"f:79:35:79:41":5,"s:79:41:79:Infinity":15,"f:86:35:86:41":6,"s:86:41:86:Infinity":16,"s:97:2:339:Infinity":17,"b:110:11:110:Infinity:111:12:119:Infinity":1,"f:115:23:115:29":7,"s:115:29:115:Infinity":18,"f:126:21:126:27":8,"s:126:27:126:Infinity":19,"b:131:11:131:Infinity:132:12:134:Infinity":2,"b:137:11:137:Infinity:138:12:147:Infinity":3,"f:142:25:142:31":9,"s:142:31:142:Infinity":20,"f:153:21:153:27":10,"s:153:27:153:Infinity":21,"b:161:12:167:Infinity:169:12:176:Infinity":4,"f:164:23:164:29":11,"s:164:29:164:Infinity":22,"f:172:23:172:29":12,"s:172:29:172:Infinity":23,"f:181:55:181:61":13,"s:181:61:181:Infinity":24,"b:186:9:186:21:186:21:186:Infinity":5,"f:222:27:222:33":14,"s:222:33:222:Infinity":25,"f:234:27:234:33":15,"s:234:33:234:Infinity":26,"f:246:27:246:33":16,"s:246:33:246:Infinity":27,"f:267:27:267:33":17,"s:267:33:267:Infinity":28,"f:279:27:279:33":18,"s:279:33:279:Infinity":29,"f:291:27:291:33":19,"s:291:33:291:Infinity":30,"f:303:27:303:33":20,"s:303:33:303:Infinity":31}}}
,"/Users/macbookprom1/mekong-cli/com-anh-duong-10x/react-app/src/shared/lib/formatters.ts": {"path":"/Users/macbookprom1/mekong-cli/com-anh-duong-10x/react-app/src/shared/lib/formatters.ts","statementMap":{"0":{"start":{"line":5,"column":0},"end":{"line":5,"column":null}},"1":{"start":{"line":7,"column":30},"end":{"line":12,"column":null}},"2":{"start":{"line":8,"column":2},"end":{"line":11,"column":null}},"3":{"start":{"line":14,"column":26},"end":{"line":17,"column":null}},"4":{"start":{"line":15,"column":2},"end":{"line":15,"column":null}},"5":{"start":{"line":15,"column":13},"end":{"line":15,"column":null}},"6":{"start":{"line":16,"column":2},"end":{"line":16,"column":null}},"7":{"start":{"line":19,"column":30},"end":{"line":22,"column":null}},"8":{"start":{"line":20,"column":2},"end":{"line":20,"column":null}},"9":{"start":{"line":20,"column":13},"end":{"line":20,"column":null}},"10":{"start":{"line":21,"column":2},"end":{"line":21,"column":null}},"11":{"start":{"line":24,"column":34},"end":{"line":36,"column":null}},"12":{"start":{"line":25,"column":2},"end":{"line":25,"column":null}},"13":{"start":{"line":25,"column":13},"end":{"line":25,"column":null}},"14":{"start":{"line":26,"column":8},"end":{"line":26,"column":null}},"15":{"start":{"line":27,"column":15},"end":{"line":27,"column":null}},"16":{"start":{"line":29,"column":2},"end":{"line":35,"column":null}},"17":{"start":{"line":30,"column":4},"end":{"line":30,"column":null}},"18":{"start":{"line":31,"column":2},"end":{"line":35,"column":null}},"19":{"start":{"line":32,"column":4},"end":{"line":32,"column":null}},"20":{"start":{"line":34,"column":4},"end":{"line":34,"column":null}}},"fnMap":{"0":{"name":"(anonymous_0)","decl":{"start":{"line":7,"column":30},"end":{"line":7,"column":31}},"loc":{"start":{"line":7,"column":58},"end":{"line":12,"column":null}},"line":7},"1":{"name":"(anonymous_1)","decl":{"start":{"line":14,"column":26},"end":{"line":14,"column":27}},"loc":{"start":{"line":14,"column":89},"end":{"line":17,"column":null}},"line":14},"2":{"name":"(anonymous_2)","decl":{"start":{"line":19,"column":30},"end":{"line":19,"column":31}},"loc":{"start":{"line":19,"column":99},"end":{"line":22,"column":null}},"line":19},"3":{"name":"(anonymous_3)","decl":{"start":{"line":24,"column":34},"end":{"line":24,"column":35}},"loc":{"start":{"line":24,"column":74},"end":{"line":36,"column":null}},"line":24}},"branchMap":{"0":{"loc":{"start":{"line":14,"column":55},"end":{"line":14,"column":89}},"type":"default-arg","locations":[{"start":{"line":14,"column":64},"end":{"line":14,"column":89}}],"line":14},"1":{"loc":{"start":{"line":15,"column":2},"end":{"line":15,"column":null}},"type":"if","locations":[{"start":{"line":15,"column":2},"end":{"line":15,"column":null}},{"start":{},"end":{}}],"line":15},"2":{"loc":{"start":{"line":19,"column":59},"end":{"line":19,"column":99}},"type":"default-arg","locations":[{"start":{"line":19,"column":68},"end":{"line":19,"column":99}}],"line":19},"3":{"loc":{"start":{"line":20,"column":2},"end":{"line":20,"column":null}},"type":"if","locations":[{"start":{"line":20,"column":2},"end":{"line":20,"column":null}},{"start":{},"end":{}}],"line":20},"4":{"loc":{"start":{"line":25,"column":2},"end":{"line":25,"column":null}},"type":"if","locations":[{"start":{"line":25,"column":2},"end":{"line":25,"column":null}},{"start":{},"end":{}}],"line":25},"5":{"loc":{"start":{"line":29,"column":2},"end":{"line":35,"column":null}},"type":"if","locations":[{"start":{"line":29,"column":2},"end":{"line":35,"column":null}},{"start":{"line":31,"column":2},"end":{"line":35,"column":null}}],"line":29},"6":{"loc":{"start":{"line":31,"column":2},"end":{"line":35,"column":null}},"type":"if","locations":[{"start":{"line":31,"column":2},"end":{"line":35,"column":null}},{"start":{"line":33,"column":9},"end":{"line":35,"column":null}}],"line":31}},"s":{"0":3,"1":3,"2":25,"3":3,"4":2,"5":1,"6":1,"7":3,"8":2,"9":1,"10":1,"11":3,"12":4,"13":1,"14":3,"15":3,"16":3,"17":1,"18":2,"19":1,"20":1},"f":{"0":25,"1":2,"2":2,"3":4},"b":{"0":[2],"1":[1,1],"2":[2],"3":[1,1],"4":[1,3],"5":[1,2],"6":[1,1]},"meta":{"lastBranch":7,"lastFunction":4,"lastStatement":21,"seen":{"s:5:0:5:Infinity":0,"s:7:30:12:Infinity":1,"f:7:30:7:31":0,"s:8:2:11:Infinity":2,"s:14:26:17:Infinity":3,"f:14:26:14:27":1,"b:14:64:14:89":0,"b:15:2:15:Infinity:undefined:undefined:undefined:undefined":1,"s:15:2:15:Infinity":4,"s:15:13:15:Infinity":5,"s:16:2:16:Infinity":6,"s:19:30:22:Infinity":7,"f:19:30:19:31":2,"b:19:68:19:99":2,"b:20:2:20:Infinity:undefined:undefined:undefined:undefined":3,"s:20:2:20:Infinity":8,"s:20:13:20:Infinity":9,"s:21:2:21:Infinity":10,"s:24:34:36:Infinity":11,"f:24:34:24:35":3,"b:25:2:25:Infinity:undefined:undefined:undefined:undefined":4,"s:25:2:25:Infinity":12,"s:25:13:25:Infinity":13,"s:26:8:26:Infinity":14,"s:27:15:27:Infinity":15,"b:29:2:35:Infinity:31:2:35:Infinity":5,"s:29:2:35:Infinity":16,"s:30:4:30:Infinity":17,"b:31:2:35:Infinity:33:9:35:Infinity":6,"s:31:2:35:Infinity":18,"s:32:4:32:Infinity":19,"s:34:4:34:Infinity":20}}}
,"/Users/macbookprom1/mekong-cli/com-anh-duong-10x/react-app/src/shared/theme/theme.ts": {"path":"/Users/macbookprom1/mekong-cli/com-anh-duong-10x/react-app/src/shared/theme/theme.ts","statementMap":{"0":{"start":{"line":3,"column":6},"end":{"line":149,"column":null}}},"fnMap":{},"branchMap":{},"s":{"0":1},"f":{},"b":{},"meta":{"lastBranch":0,"lastFunction":0,"lastStatement":1,"seen":{"s:3:6:149:Infinity":0}}}
,"/Users/macbookprom1/mekong-cli/com-anh-duong-10x/react-app/src/shared/ui/app-button.tsx": {"path":"/Users/macbookprom1/mekong-cli/com-anh-duong-10x/react-app/src/shared/ui/app-button.tsx","statementMap":{"0":{"start":{"line":10,"column":25},"end":{"line":37,"column":null}},"1":{"start":{"line":18,"column":2},"end":{"line":35,"column":null}}},"fnMap":{"0":{"name":"(anonymous_0)","decl":{"start":{"line":10,"column":25},"end":{"line":10,"column":26}},"loc":{"start":{"line":17,"column":22},"end":{"line":37,"column":null}},"line":17}},"branchMap":{"0":{"loc":{"start":{"line":12,"column":2},"end":{"line":12,"column":null}},"type":"default-arg","locations":[{"start":{"line":12,"column":12},"end":{"line":12,"column":null}}],"line":12},"1":{"loc":{"start":{"line":20,"column":16},"end":{"line":20,"column":null}},"type":"binary-expr","locations":[{"start":{"line":20,"column":16},"end":{"line":20,"column":28}},{"start":{"line":20,"column":28},"end":{"line":20,"column":null}}],"line":20},"2":{"loc":{"start":{"line":21,"column":17},"end":{"line":21,"column":null}},"type":"cond-expr","locations":[{"start":{"line":21,"column":28},"end":{"line":21,"column":40}},{"start":{"line":21,"column":40},"end":{"line":21,"column":null}}],"line":21},"3":{"loc":{"start":{"line":22,"column":15},"end":{"line":22,"column":null}},"type":"cond-expr","locations":[{"start":{"line":22,"column":26},"end":{"line":22,"column":36}},{"start":{"line":22,"column":36},"end":{"line":22,"column":null}}],"line":22},"4":{"loc":{"start":{"line":25,"column":7},"end":{"line":30,"column":null}},"type":"binary-expr","locations":[{"start":{"line":25,"column":7},"end":{"line":25,"column":null}},{"start":{"line":26,"column":8},"end":{"line":30,"column":null}}],"line":25},"5":{"loc":{"start":{"line":32,"column":30},"end":{"line":32,"column":47}},"type":"cond-expr","locations":[{"start":{"line":32,"column":40},"end":{"line":32,"column":44}},{"start":{"line":32,"column":44},"end":{"line":32,"column":47}}],"line":32}},"s":{"0":1,"1":9},"f":{"0":9},"b":{"0":[9],"1":[9,9],"2":[9,0],"3":[9,0],"4":[9,0],"5":[0,9]},"meta":{"lastBranch":6,"lastFunction":1,"lastStatement":2,"seen":{"s:10:25:37:Infinity":0,"f:10:25:10:26":0,"b:12:12:12:Infinity":0,"s:18:2:35:Infinity":1,"b:20:16:20:28:20:28:20:Infinity":1,"b:21:28:21:40:21:40:21:Infinity":2,"b:22:26:22:36:22:36:22:Infinity":3,"b:25:7:25:Infinity:26:8:30:Infinity":4,"b:32:40:32:44:32:44:32:47":5}}}
,"/Users/macbookprom1/mekong-cli/com-anh-duong-10x/react-app/src/shared/ui/app-card.tsx": {"path":"/Users/macbookprom1/mekong-cli/com-anh-duong-10x/react-app/src/shared/ui/app-card.tsx","statementMap":{"0":{"start":{"line":12,"column":23},"end":{"line":46,"column":null}},"1":{"start":{"line":22,"column":2},"end":{"line":44,"column":null}}},"fnMap":{"0":{"name":"(anonymous_0)","decl":{"start":{"line":12,"column":23},"end":{"line":12,"column":24}},"loc":{"start":{"line":21,"column":20},"end":{"line":46,"column":null}},"line":21}},"branchMap":{"0":{"loc":{"start":{"line":39,"column":8},"end":{"line":40,"column":null}},"type":"binary-expr","locations":[{"start":{"line":39,"column":8},"end":{"line":39,"column":17}},{"start":{"line":39,"column":17},"end":{"line":39,"column":30}},{"start":{"line":39,"column":30},"end":{"line":39,"column":null}},{"start":{"line":40,"column":8},"end":{"line":40,"column":null}}],"line":39},"1":{"loc":{"start":{"line":43,"column":7},"end":{"line":43,"column":null}},"type":"binary-expr","locations":[{"start":{"line":43,"column":7},"end":{"line":43,"column":17}},{"start":{"line":43,"column":17},"end":{"line":43,"column":null}}],"line":43}},"s":{"0":2,"1":5},"f":{"0":5},"b":{"0":[5,4,4,2],"1":[5,1]},"meta":{"lastBranch":2,"lastFunction":1,"lastStatement":2,"seen":{"s:12:23:46:Infinity":0,"f:12:23:12:24":0,"s:22:2:44:Infinity":1,"b:39:8:39:17:39:17:39:30:39:30:39:Infinity:40:8:40:Infinity":0,"b:43:7:43:17:43:17:43:Infinity":1}}}
,"/Users/macbookprom1/mekong-cli/com-anh-duong-10x/react-app/src/shared/ui/app-input.tsx": {"path":"/Users/macbookprom1/mekong-cli/com-anh-duong-10x/react-app/src/shared/ui/app-input.tsx","statementMap":{"0":{"start":{"line":6,"column":13},"end":{"line":22,"column":null}},"1":{"start":{"line":7,"column":2},"end":{"line":20,"column":null}},"2":{"start":{"line":24,"column":0},"end":{"line":24,"column":null}}},"fnMap":{"0":{"name":"(anonymous_0)","decl":{"start":{"line":6,"column":66},"end":{"line":6,"column":67}},"loc":{"start":{"line":6,"column":82},"end":{"line":22,"column":1}},"line":6}},"branchMap":{},"s":{"0":1,"1":28,"2":1},"f":{"0":28},"b":{},"meta":{"lastBranch":0,"lastFunction":1,"lastStatement":3,"seen":{"s:6:13:22:Infinity":0,"f:6:66:6:67":0,"s:7:2:20:Infinity":1,"s:24:0:24:Infinity":2}}}
,"/Users/macbookprom1/mekong-cli/com-anh-duong-10x/react-app/src/shared/ui/app-loading.tsx": {"path":"/Users/macbookprom1/mekong-cli/com-anh-duong-10x/react-app/src/shared/ui/app-loading.tsx","statementMap":{"0":{"start":{"line":8,"column":26},"end":{"line":54,"column":null}},"1":{"start":{"line":9,"column":2},"end":{"line":34,"column":null}},"2":{"start":{"line":10,"column":4},"end":{"line":32,"column":null}},"3":{"start":{"line":36,"column":2},"end":{"line":52,"column":null}}},"fnMap":{"0":{"name":"(anonymous_0)","decl":{"start":{"line":8,"column":26},"end":{"line":8,"column":27}},"loc":{"start":{"line":8,"column":80},"end":{"line":54,"column":null}},"line":8}},"branchMap":{"0":{"loc":{"start":{"line":8,"column":38},"end":{"line":8,"column":57}},"type":"default-arg","locations":[{"start":{"line":8,"column":51},"end":{"line":8,"column":57}}],"line":8},"1":{"loc":{"start":{"line":9,"column":2},"end":{"line":34,"column":null}},"type":"if","locations":[{"start":{"line":9,"column":2},"end":{"line":34,"column":null}},{"start":{},"end":{}}],"line":9},"2":{"loc":{"start":{"line":27,"column":9},"end":{"line":30,"column":null}},"type":"binary-expr","locations":[{"start":{"line":27,"column":9},"end":{"line":27,"column":null}},{"start":{"line":28,"column":10},"end":{"line":30,"column":null}}],"line":27},"3":{"loc":{"start":{"line":47,"column":7},"end":{"line":50,"column":null}},"type":"binary-expr","locations":[{"start":{"line":47,"column":7},"end":{"line":47,"column":null}},{"start":{"line":48,"column":8},"end":{"line":50,"column":null}}],"line":47}},"s":{"0":1,"1":0,"2":0,"3":0},"f":{"0":0},"b":{"0":[0],"1":[0,0],"2":[0,0],"3":[0,0]},"meta":{"lastBranch":4,"lastFunction":1,"lastStatement":4,"seen":{"s:8:26:54:Infinity":0,"f:8:26:8:27":0,"b:8:51:8:57":0,"b:9:2:34:Infinity:undefined:undefined:undefined:undefined":1,"s:9:2:34:Infinity":1,"s:10:4:32:Infinity":2,"b:27:9:27:Infinity:28:10:30:Infinity":2,"s:36:2:52:Infinity":3,"b:47:7:47:Infinity:48:8:50:Infinity":3}}}
,"/Users/macbookprom1/mekong-cli/com-anh-duong-10x/react-app/src/shared/ui/error-boundary.tsx": {"path":"/Users/macbookprom1/mekong-cli/com-anh-duong-10x/react-app/src/shared/ui/error-boundary.tsx","statementMap":{"0":{"start":{"line":17,"column":4},"end":{"line":17,"column":null}},"1":{"start":{"line":18,"column":4},"end":{"line":18,"column":null}},"2":{"start":{"line":22,"column":4},"end":{"line":22,"column":null}},"3":{"start":{"line":26,"column":4},"end":{"line":26,"column":null}},"4":{"start":{"line":31,"column":4},"end":{"line":77,"column":null}},"5":{"start":{"line":76,"column":6},"end":{"line":76,"column":null}},"6":{"start":{"line":80,"column":4},"end":{"line":116,"column":null}},"7":{"start":{"line":81,"column":6},"end":{"line":114,"column":null}},"8":{"start":{"line":110,"column":55},"end":{"line":110,"column":81}},"9":{"start":{"line":118,"column":4},"end":{"line":118,"column":null}}},"fnMap":{"0":{"name":"(anonymous_0)","decl":{"start":{"line":16,"column":2},"end":{"line":16,"column":14}},"loc":{"start":{"line":16,"column":28},"end":{"line":19,"column":null}},"line":16},"1":{"name":"(anonymous_1)","decl":{"start":{"line":21,"column":9},"end":{"line":21,"column":34}},"loc":{"start":{"line":21,"column":55},"end":{"line":23,"column":null}},"line":21},"2":{"name":"(anonymous_2)","decl":{"start":{"line":25,"column":2},"end":{"line":25,"column":20}},"loc":{"start":{"line":25,"column":62},"end":{"line":27,"column":null}},"line":25},"3":{"name":"(anonymous_3)","decl":{"start":{"line":29,"column":2},"end":{"line":29,"column":11}},"loc":{"start":{"line":29,"column":11},"end":{"line":119,"column":null}},"line":29},"4":{"name":"(anonymous_4)","decl":{"start":{"line":110,"column":49},"end":{"line":110,"column":55}},"loc":{"start":{"line":110,"column":55},"end":{"line":110,"column":81}},"line":110}},"branchMap":{"0":{"loc":{"start":{"line":31,"column":4},"end":{"line":77,"column":null}},"type":"if","locations":[{"start":{"line":31,"column":4},"end":{"line":77,"column":null}},{"start":{},"end":{}}],"line":31},"1":{"loc":{"start":{"line":80,"column":4},"end":{"line":116,"column":null}},"type":"if","locations":[{"start":{"line":80,"column":4},"end":{"line":116,"column":null}},{"start":{},"end":{}}],"line":80},"2":{"loc":{"start":{"line":103,"column":13},"end":{"line":108,"column":null}},"type":"binary-expr","locations":[{"start":{"line":103,"column":13},"end":{"line":103,"column":null}},{"start":{"line":104,"column":14},"end":{"line":108,"column":null}}],"line":103}},"s":{"0":0,"1":0,"2":0,"3":0,"4":0,"5":0,"6":0,"7":0,"8":0,"9":0},"f":{"0":0,"1":1,"2":0,"3":0,"4":0},"b":{"0":[0,0],"1":[0,0],"2":[0,0]},"meta":{"lastBranch":3,"lastFunction":5,"lastStatement":10,"seen":{"f:16:2:16:14":0,"s:17:4:17:Infinity":0,"s:18:4:18:Infinity":1,"f:21:9:21:34":1,"s:22:4:22:Infinity":2,"f:25:2:25:20":2,"s:26:4:26:Infinity":3,"f:29:2:29:11":3,"b:31:4:77:Infinity:undefined:undefined:undefined:undefined":0,"s:31:4:77:Infinity":4,"s:76:6:76:Infinity":5,"b:80:4:116:Infinity:undefined:undefined:undefined:undefined":1,"s:80:4:116:Infinity":6,"s:81:6:114:Infinity":7,"b:103:13:103:Infinity:104:14:108:Infinity":2,"f:110:49:110:55":4,"s:110:55:110:81":8,"s:118:4:118:Infinity":9}}}
,"/Users/macbookprom1/mekong-cli/com-anh-duong-10x/react-app/src/shared/ui/footer-compliance.tsx": {"path":"/Users/macbookprom1/mekong-cli/com-anh-duong-10x/react-app/src/shared/ui/footer-compliance.tsx","statementMap":{"0":{"start":{"line":9,"column":42},"end":{"line":66,"column":null}},"1":{"start":{"line":10,"column":2},"end":{"line":64,"column":null}}},"fnMap":{"0":{"name":"(anonymous_0)","decl":{"start":{"line":9,"column":42},"end":{"line":9,"column":48}},"loc":{"start":{"line":9,"column":48},"end":{"line":66,"column":null}},"line":9}},"branchMap":{},"s":{"0":1,"1":2},"f":{"0":2},"b":{},"meta":{"lastBranch":0,"lastFunction":1,"lastStatement":2,"seen":{"s:9:42:66:Infinity":0,"f:9:42:9:48":0,"s:10:2:64:Infinity":1}}}
,"/Users/macbookprom1/mekong-cli/com-anh-duong-10x/react-app/src/shared/ui/index.ts": {"path":"/Users/macbookprom1/mekong-cli/com-anh-duong-10x/react-app/src/shared/ui/index.ts","statementMap":{},"fnMap":{},"branchMap":{},"s":{},"f":{},"b":{},"meta":{"lastBranch":0,"lastFunction":0,"lastStatement":0,"seen":{}}}
,"/Users/macbookprom1/mekong-cli/com-anh-duong-10x/react-app/src/shared/ui/operating-hours.tsx": {"path":"/Users/macbookprom1/mekong-cli/com-anh-duong-10x/react-app/src/shared/ui/operating-hours.tsx","statementMap":{"0":{"start":{"line":13,"column":40},"end":{"line":17,"column":null}},"1":{"start":{"line":19,"column":30},"end":{"line":62,"column":null}},"2":{"start":{"line":27,"column":14},"end":{"line":27,"column":null}},"3":{"start":{"line":28,"column":22},"end":{"line":28,"column":null}},"4":{"start":{"line":29,"column":24},"end":{"line":29,"column":null}},"5":{"start":{"line":32,"column":30},"end":{"line":32,"column":null}},"6":{"start":{"line":33,"column":27},"end":{"line":33,"column":null}},"7":{"start":{"line":34,"column":28},"end":{"line":34,"column":null}},"8":{"start":{"line":35,"column":34},"end":{"line":35,"column":null}},"9":{"start":{"line":37,"column":2},"end":{"line":61,"column":null}},"10":{"start":{"line":38,"column":4},"end":{"line":43,"column":null}},"11":{"start":{"line":44,"column":2},"end":{"line":61,"column":null}},"12":{"start":{"line":48,"column":4},"end":{"line":53,"column":null}},"13":{"start":{"line":55,"column":4},"end":{"line":60,"column":null}},"14":{"start":{"line":72,"column":61},"end":{"line":120,"column":null}},"15":{"start":{"line":73,"column":42},"end":{"line":73,"column":null}},"16":{"start":{"line":73,"column":60},"end":{"line":73,"column":78}},"17":{"start":{"line":75,"column":2},"end":{"line":118,"column":null}}},"fnMap":{"0":{"name":"(anonymous_0)","decl":{"start":{"line":19,"column":30},"end":{"line":19,"column":null}},"loc":{"start":{"line":26,"column":5},"end":{"line":62,"column":null}},"line":26},"1":{"name":"(anonymous_1)","decl":{"start":{"line":72,"column":61},"end":{"line":72,"column":62}},"loc":{"start":{"line":72,"column":90},"end":{"line":120,"column":null}},"line":72},"2":{"name":"(anonymous_2)","decl":{"start":{"line":73,"column":54},"end":{"line":73,"column":60}},"loc":{"start":{"line":73,"column":60},"end":{"line":73,"column":78}},"line":73}},"branchMap":{"0":{"loc":{"start":{"line":20,"column":2},"end":{"line":20,"column":null}},"type":"default-arg","locations":[{"start":{"line":20,"column":28},"end":{"line":20,"column":null}}],"line":20},"1":{"loc":{"start":{"line":37,"column":2},"end":{"line":61,"column":null}},"type":"if","locations":[{"start":{"line":37,"column":2},"end":{"line":61,"column":null}},{"start":{"line":44,"column":2},"end":{"line":61,"column":null}}],"line":37},"2":{"loc":{"start":{"line":37,"column":6},"end":{"line":37,"column":96}},"type":"binary-expr","locations":[{"start":{"line":37,"column":6},"end":{"line":37,"column":49}},{"start":{"line":37,"column":49},"end":{"line":37,"column":96}}],"line":37},"3":{"loc":{"start":{"line":44,"column":2},"end":{"line":61,"column":null}},"type":"if","locations":[{"start":{"line":44,"column":2},"end":{"line":61,"column":null}},{"start":{"line":54,"column":9},"end":{"line":61,"column":null}}],"line":44},"4":{"loc":{"start":{"line":45,"column":4},"end":{"line":46,"column":null}},"type":"binary-expr","locations":[{"start":{"line":45,"column":4},"end":{"line":45,"column":null}},{"start":{"line":46,"column":4},"end":{"line":46,"column":null}}],"line":45},"5":{"loc":{"start":{"line":72,"column":64},"end":{"line":72,"column":84}},"type":"default-arg","locations":[{"start":{"line":72,"column":78},"end":{"line":72,"column":84}}],"line":72},"6":{"loc":{"start":{"line":82,"column":19},"end":{"line":82,"column":null}},"type":"cond-expr","locations":[{"start":{"line":82,"column":41},"end":{"line":82,"column":53}},{"start":{"line":82,"column":53},"end":{"line":82,"column":null}}],"line":82},"7":{"loc":{"start":{"line":83,"column":17},"end":{"line":83,"column":null}},"type":"cond-expr","locations":[{"start":{"line":83,"column":39},"end":{"line":83,"column":58}},{"start":{"line":83,"column":58},"end":{"line":83,"column":null}}],"line":83},"8":{"loc":{"start":{"line":88,"column":23},"end":{"line":88,"column":null}},"type":"cond-expr","locations":[{"start":{"line":88,"column":45},"end":{"line":88,"column":57}},{"start":{"line":88,"column":57},"end":{"line":88,"column":null}}],"line":88},"9":{"loc":{"start":{"line":95,"column":19},"end":{"line":95,"column":null}},"type":"cond-expr","locations":[{"start":{"line":95,"column":41},"end":{"line":95,"column":59}},{"start":{"line":95,"column":59},"end":{"line":95,"column":null}}],"line":95},"10":{"loc":{"start":{"line":96,"column":23},"end":{"line":96,"column":null}},"type":"cond-expr","locations":[{"start":{"line":96,"column":43},"end":{"line":96,"column":65}},{"start":{"line":96,"column":65},"end":{"line":96,"column":null}}],"line":96},"11":{"loc":{"start":{"line":107,"column":9},"end":{"line":115,"column":null}},"type":"binary-expr","locations":[{"start":{"line":107,"column":9},"end":{"line":107,"column":null}},{"start":{"line":108,"column":10},"end":{"line":115,"column":null}}],"line":107},"12":{"loc":{"start":{"line":113,"column":15},"end":{"line":113,"column":null}},"type":"cond-expr","locations":[{"start":{"line":113,"column":37},"end":{"line":113,"column":58}},{"start":{"line":113,"column":58},"end":{"line":113,"column":null}}],"line":113}},"s":{"0":1,"1":1,"2":6,"3":6,"4":6,"5":6,"6":6,"7":6,"8":6,"9":6,"10":3,"11":3,"12":1,"13":2,"14":1,"15":2,"16":2,"17":2},"f":{"0":6,"1":2,"2":2},"b":{"0":[6],"1":[3,3],"2":[6,5],"3":[1,2],"4":[3,2],"5":[2],"6":[0,2],"7":[0,2],"8":[0,2],"9":[0,2],"10":[2,0],"11":[2,1],"12":[0,1]},"meta":{"lastBranch":13,"lastFunction":3,"lastStatement":18,"seen":{"s:13:40:17:Infinity":0,"s:19:30:62:Infinity":1,"f:19:30:19:Infinity":0,"b:20:28:20:Infinity":0,"s:27:14:27:Infinity":2,"s:28:22:28:Infinity":3,"s:29:24:29:Infinity":4,"s:32:30:32:Infinity":5,"s:33:27:33:Infinity":6,"s:34:28:34:Infinity":7,"s:35:34:35:Infinity":8,"b:37:2:61:Infinity:44:2:61:Infinity":1,"s:37:2:61:Infinity":9,"b:37:6:37:49:37:49:37:96":2,"s:38:4:43:Infinity":10,"b:44:2:61:Infinity:54:9:61:Infinity":3,"s:44:2:61:Infinity":11,"b:45:4:45:Infinity:46:4:46:Infinity":4,"s:48:4:53:Infinity":12,"s:55:4:60:Infinity":13,"s:72:61:120:Infinity":14,"f:72:61:72:62":1,"b:72:78:72:84":5,"s:73:42:73:Infinity":15,"f:73:54:73:60":2,"s:73:60:73:78":16,"s:75:2:118:Infinity":17,"b:82:41:82:53:82:53:82:Infinity":6,"b:83:39:83:58:83:58:83:Infinity":7,"b:88:45:88:57:88:57:88:Infinity":8,"b:95:41:95:59:95:59:95:Infinity":9,"b:96:43:96:65:96:65:96:Infinity":10,"b:107:9:107:Infinity:108:10:115:Infinity":11,"b:113:37:113:58:113:58:113:Infinity":12}}}
,"/Users/macbookprom1/mekong-cli/com-anh-duong-10x/react-app/src/shared/ui/protected-route.tsx": {"path":"/Users/macbookprom1/mekong-cli/com-anh-duong-10x/react-app/src/shared/ui/protected-route.tsx","statementMap":{"0":{"start":{"line":15,"column":30},"end":{"line":40,"column":null}},"1":{"start":{"line":20,"column":30},"end":{"line":20,"column":null}},"2":{"start":{"line":21,"column":8},"end":{"line":21,"column":null}},"3":{"start":{"line":23,"column":2},"end":{"line":25,"column":null}},"4":{"start":{"line":24,"column":4},"end":{"line":24,"column":null}},"5":{"start":{"line":28,"column":2},"end":{"line":30,"column":null}},"6":{"start":{"line":29,"column":4},"end":{"line":29,"column":null}},"7":{"start":{"line":33,"column":2},"end":{"line":37,"column":null}},"8":{"start":{"line":36,"column":4},"end":{"line":36,"column":null}},"9":{"start":{"line":39,"column":2},"end":{"line":39,"column":null}}},"fnMap":{"0":{"name":"(anonymous_0)","decl":{"start":{"line":15,"column":30},"end":{"line":15,"column":31}},"loc":{"start":{"line":19,"column":27},"end":{"line":40,"column":null}},"line":19}},"branchMap":{"0":{"loc":{"start":{"line":17,"column":2},"end":{"line":17,"column":null}},"type":"default-arg","locations":[{"start":{"line":17,"column":17},"end":{"line":17,"column":null}}],"line":17},"1":{"loc":{"start":{"line":23,"column":2},"end":{"line":25,"column":null}},"type":"if","locations":[{"start":{"line":23,"column":2},"end":{"line":25,"column":null}},{"start":{},"end":{}}],"line":23},"2":{"loc":{"start":{"line":28,"column":2},"end":{"line":30,"column":null}},"type":"if","locations":[{"start":{"line":28,"column":2},"end":{"line":30,"column":null}},{"start":{},"end":{}}],"line":28},"3":{"loc":{"start":{"line":33,"column":2},"end":{"line":37,"column":null}},"type":"if","locations":[{"start":{"line":33,"column":2},"end":{"line":37,"column":null}},{"start":{},"end":{}}],"line":33},"4":{"loc":{"start":{"line":33,"column":6},"end":{"line":33,"column":60}},"type":"binary-expr","locations":[{"start":{"line":33,"column":6},"end":{"line":33,"column":22}},{"start":{"line":33,"column":22},"end":{"line":33,"column":30}},{"start":{"line":33,"column":30},"end":{"line":33,"column":60}}],"line":33},"5":{"loc":{"start":{"line":39,"column":9},"end":{"line":39,"column":null}},"type":"cond-expr","locations":[{"start":{"line":39,"column":20},"end":{"line":39,"column":38}},{"start":{"line":39,"column":38},"end":{"line":39,"column":null}}],"line":39}},"s":{"0":1,"1":0,"2":0,"3":0,"4":0,"5":0,"6":0,"7":0,"8":0,"9":0},"f":{"0":0},"b":{"0":[0],"1":[0,0],"2":[0,0],"3":[0,0],"4":[0,0,0],"5":[0,0]},"meta":{"lastBranch":6,"lastFunction":1,"lastStatement":10,"seen":{"s:15:30:40:Infinity":0,"f:15:30:15:31":0,"b:17:17:17:Infinity":0,"s:20:30:20:Infinity":1,"s:21:8:21:Infinity":2,"b:23:2:25:Infinity:undefined:undefined:undefined:undefined":1,"s:23:2:25:Infinity":3,"s:24:4:24:Infinity":4,"b:28:2:30:Infinity:undefined:undefined:undefined:undefined":2,"s:28:2:30:Infinity":5,"s:29:4:29:Infinity":6,"b:33:2:37:Infinity:undefined:undefined:undefined:undefined":3,"s:33:2:37:Infinity":7,"b:33:6:33:22:33:22:33:30:33:30:33:60":4,"s:36:4:36:Infinity":8,"s:39:2:39:Infinity":9,"b:39:20:39:38:39:38:39:Infinity":5}}}
,"/Users/macbookprom1/mekong-cli/com-anh-duong-10x/react-app/src/shared/ui/trust-badges.tsx": {"path":"/Users/macbookprom1/mekong-cli/com-anh-duong-10x/react-app/src/shared/ui/trust-badges.tsx","statementMap":{"0":{"start":{"line":12,"column":54},"end":{"line":30,"column":null}},"1":{"start":{"line":18,"column":2},"end":{"line":30,"column":null}},"2":{"start":{"line":41,"column":55},"end":{"line":96,"column":null}},"3":{"start":{"line":42,"column":2},"end":{"line":59,"column":null}},"4":{"start":{"line":43,"column":4},"end":{"line":57,"column":null}},"5":{"start":{"line":62,"column":2},"end":{"line":94,"column":null}}},"fnMap":{"0":{"name":"(anonymous_0)","decl":{"start":{"line":12,"column":54},"end":{"line":12,"column":55}},"loc":{"start":{"line":18,"column":2},"end":{"line":30,"column":null}},"line":18},"1":{"name":"(anonymous_1)","decl":{"start":{"line":41,"column":55},"end":{"line":41,"column":56}},"loc":{"start":{"line":41,"column":84},"end":{"line":96,"column":null}},"line":41}},"branchMap":{"0":{"loc":{"start":{"line":16,"column":2},"end":{"line":16,"column":null}},"type":"default-arg","locations":[{"start":{"line":16,"column":10},"end":{"line":16,"column":null}}],"line":16},"1":{"loc":{"start":{"line":24,"column":7},"end":{"line":27,"column":null}},"type":"binary-expr","locations":[{"start":{"line":24,"column":7},"end":{"line":24,"column":null}},{"start":{"line":25,"column":8},"end":{"line":27,"column":null}}],"line":24},"2":{"loc":{"start":{"line":41,"column":58},"end":{"line":41,"column":78}},"type":"default-arg","locations":[{"start":{"line":41,"column":68},"end":{"line":41,"column":78}}],"line":41},"3":{"loc":{"start":{"line":42,"column":2},"end":{"line":59,"column":null}},"type":"if","locations":[{"start":{"line":42,"column":2},"end":{"line":59,"column":null}},{"start":{},"end":{}}],"line":42}},"s":{"0":1,"1":4,"2":1,"3":2,"4":1,"5":1},"f":{"0":4,"1":2},"b":{"0":[4],"1":[4,4],"2":[2],"3":[1,1]},"meta":{"lastBranch":4,"lastFunction":2,"lastStatement":6,"seen":{"s:12:54:30:Infinity":0,"f:12:54:12:55":0,"s:18:2:30:Infinity":1,"b:16:10:16:Infinity":0,"b:24:7:24:Infinity:25:8:27:Infinity":1,"s:41:55:96:Infinity":2,"f:41:55:41:56":1,"b:41:68:41:78":2,"b:42:2:59:Infinity:undefined:undefined:undefined:undefined":3,"s:42:2:59:Infinity":3,"s:43:4:57:Infinity":4,"s:62:2:94:Infinity":5}}}
,"/Users/macbookprom1/mekong-cli/com-anh-duong-10x/react-app/src/shared/ui/zalo-chat-fab.tsx": {"path":"/Users/macbookprom1/mekong-cli/com-anh-duong-10x/react-app/src/shared/ui/zalo-chat-fab.tsx","statementMap":{"0":{"start":{"line":14,"column":55},"end":{"line":115,"column":null}},"1":{"start":{"line":19,"column":18},"end":{"line":19,"column":null}},"2":{"start":{"line":21,"column":2},"end":{"line":113,"column":null}},"3":{"start":{"line":92,"column":17},"end":{"line":93,"column":null}}},"fnMap":{"0":{"name":"(anonymous_0)","decl":{"start":{"line":14,"column":55},"end":{"line":14,"column":56}},"loc":{"start":{"line":17,"column":6},"end":{"line":115,"column":null}},"line":17},"1":{"name":"(anonymous_1)","decl":{"start":{"line":90,"column":23},"end":{"line":90,"column":24}},"loc":{"start":{"line":90,"column":30},"end":{"line":94,"column":null}},"line":90}},"branchMap":{"0":{"loc":{"start":{"line":15,"column":2},"end":{"line":15,"column":null}},"type":"default-arg","locations":[{"start":{"line":15,"column":16},"end":{"line":15,"column":null}}],"line":15},"1":{"loc":{"start":{"line":16,"column":2},"end":{"line":16,"column":null}},"type":"default-arg","locations":[{"start":{"line":16,"column":10},"end":{"line":16,"column":null}}],"line":16}},"s":{"0":2,"1":2,"2":2,"3":0},"f":{"0":2,"1":0},"b":{"0":[2],"1":[2]},"meta":{"lastBranch":2,"lastFunction":2,"lastStatement":4,"seen":{"s:14:55:115:Infinity":0,"f:14:55:14:56":0,"b:15:16:15:Infinity":0,"b:16:10:16:Infinity":1,"s:19:18:19:Infinity":1,"s:21:2:113:Infinity":2,"f:90:23:90:24":1,"s:92:17:93:Infinity":3}}}
,"/Users/macbookprom1/mekong-cli/com-anh-duong-10x/react-app/src/shared/ui/zalo-widget.tsx": {"path":"/Users/macbookprom1/mekong-cli/com-anh-duong-10x/react-app/src/shared/ui/zalo-widget.tsx","statementMap":{"0":{"start":{"line":9,"column":36},"end":{"line":61,"column":null}},"1":{"start":{"line":10,"column":20},"end":{"line":10,"column":null}},"2":{"start":{"line":12,"column":2},"end":{"line":59,"column":null}}},"fnMap":{"0":{"name":"(anonymous_0)","decl":{"start":{"line":9,"column":36},"end":{"line":9,"column":42}},"loc":{"start":{"line":9,"column":42},"end":{"line":61,"column":null}},"line":9}},"branchMap":{},"s":{"0":1,"1":0,"2":0},"f":{"0":0},"b":{},"meta":{"lastBranch":0,"lastFunction":1,"lastStatement":3,"seen":{"s:9:36:61:Infinity":0,"f:9:36:9:42":0,"s:10:20:10:Infinity":1,"s:12:2:59:Infinity":2}}}
,"/Users/macbookprom1/mekong-cli/com-anh-duong-10x/react-app/src/shared/utils/debug.ts": {"path":"/Users/macbookprom1/mekong-cli/com-anh-duong-10x/react-app/src/shared/utils/debug.ts","statementMap":{"0":{"start":{"line":6,"column":14},"end":{"line":6,"column":null}},"1":{"start":{"line":8,"column":21},"end":{"line":24,"column":null}},"2":{"start":{"line":10,"column":4},"end":{"line":12,"column":null}},"3":{"start":{"line":11,"column":6},"end":{"line":11,"column":null}},"4":{"start":{"line":15,"column":4},"end":{"line":17,"column":null}},"5":{"start":{"line":16,"column":6},"end":{"line":16,"column":null}},"6":{"start":{"line":20,"column":4},"end":{"line":22,"column":null}},"7":{"start":{"line":21,"column":6},"end":{"line":21,"column":null}}},"fnMap":{"0":{"name":"(anonymous_0)","decl":{"start":{"line":9,"column":7},"end":{"line":9,"column":11}},"loc":{"start":{"line":9,"column":31},"end":{"line":13,"column":null}},"line":9},"1":{"name":"(anonymous_1)","decl":{"start":{"line":14,"column":8},"end":{"line":14,"column":12}},"loc":{"start":{"line":14,"column":32},"end":{"line":18,"column":null}},"line":14},"2":{"name":"(anonymous_2)","decl":{"start":{"line":19,"column":9},"end":{"line":19,"column":13}},"loc":{"start":{"line":19,"column":33},"end":{"line":23,"column":null}},"line":19}},"branchMap":{"0":{"loc":{"start":{"line":10,"column":4},"end":{"line":12,"column":null}},"type":"if","locations":[{"start":{"line":10,"column":4},"end":{"line":12,"column":null}},{"start":{},"end":{}}],"line":10},"1":{"loc":{"start":{"line":15,"column":4},"end":{"line":17,"column":null}},"type":"if","locations":[{"start":{"line":15,"column":4},"end":{"line":17,"column":null}},{"start":{},"end":{}}],"line":15},"2":{"loc":{"start":{"line":20,"column":4},"end":{"line":22,"column":null}},"type":"if","locations":[{"start":{"line":20,"column":4},"end":{"line":22,"column":null}},{"start":{},"end":{}}],"line":20}},"s":{"0":3,"1":3,"2":0,"3":0,"4":5,"5":5,"6":0,"7":0},"f":{"0":0,"1":5,"2":0},"b":{"0":[0,0],"1":[5,0],"2":[0,0]},"meta":{"lastBranch":3,"lastFunction":3,"lastStatement":8,"seen":{"s:6:14:6:Infinity":0,"s:8:21:24:Infinity":1,"f:9:7:9:11":0,"b:10:4:12:Infinity:undefined:undefined:undefined:undefined":0,"s:10:4:12:Infinity":2,"s:11:6:11:Infinity":3,"f:14:8:14:12":1,"b:15:4:17:Infinity:undefined:undefined:undefined:undefined":1,"s:15:4:17:Infinity":4,"s:16:6:16:Infinity":5,"f:19:9:19:13":2,"b:20:4:22:Infinity:undefined:undefined:undefined:undefined":2,"s:20:4:22:Infinity":6,"s:21:6:21:Infinity":7}}}
}
